<?xml version="1.0" encoding="UTF-8"?>
<!-- Generated by org.testng.reporters.JUnitXMLReporter -->
<testsuite hostname="himanshu" ignored="0" tests="4" failures="1" timestamp="2021-11-11T16:13:19 IST" time="8.89" errors="0">
  <testcase name="w3cValidationCheck" time="0.001" classname="ParentClass"/>
  <testcase name="brokenLinkCheck" time="6.19" classname="ParentClass">
    <failure type="java.lang.NullPointerException">
      <![CDATA[java.lang.NullPointerException
at BrokenLinkTest.lambda$brokenLinkValidationCheck$0(BrokenLinkTest.java:27)
at org.openqa.selenium.support.ui.FluentWait.until(FluentWait.java:249)
at BrokenLinkTest.brokenLinkValidationCheck(BrokenLinkTest.java:26)
at ParentClass.brokenLinkCheck(ParentClass.java:35)
at java.util.ArrayList.forEach(ArrayList.java:1257)
at com.intellij.rt.testng.IDEARemoteTestNG.run(IDEARemoteTestNG.java:66)
at com.intellij.rt.testng.RemoteTestNGStarter.main(RemoteTestNGStarter.java:109)
... Removed 24 stack frames]]>
    </failure>
  </testcase> <!-- brokenLinkCheck -->
  <testcase name="jsValidationCheck" time="0.0" classname="ParentClass"/>
  <testcase name="responseDimensionCheck" time="0.0" classname="ParentClass"/>
</testsuite>
