<?xml version="1.0" encoding="UTF-8"?>
<testsuite xmlns:xsi="http://www.w3.org/2001/XMLSchema-instance" xsi:noNamespaceSchemaLocation="https://maven.apache.org/surefire/maven-surefire-plugin/xsd/surefire-test-report-3.0.xsd" version="3.0" name="TestSuite" time="7,723.304" tests="8" errors="0" skipped="0" failures="0">
  <properties>
[...]
</properties>
  <testcase name="w3cValidationCheck" classname="ParentClass" time="508.228"/>
  <testcase name="jsValidationCheck" classname="ParentClass" time="1,158.383"/>
  <testcase name="brokenLinkCheck" classname="ParentClass" time="923.241"/>
  <testcase name="brokenImagesCheck" classname="ParentClass" time="76.346"/>
  <testcase name="responseDimensionCheckBrokenLinks" classname="ParentClass" time="3,159.639"/>
  <testcase name="responseDimensionCheckBrokenImages" classname="ParentClass" time="709.607"/>
  <testcase name="consoleLogsCheck" classname="ParentClass" time="296.222"/>
  <testcase name="responsiveDimensionConsoleLogs" classname="ParentClass" time="887.905"/>
</testsuite>