<?xml version="1.0" encoding="UTF-8"?>
<testng-results skipped="0" failed="1" ignored="0" total="4" passed="3">
  <reporter-output>
  </reporter-output>
  <suite name="Default Suite" duration-ms="8890" started-at="2021-11-11T16:13:10 IST" finished-at="2021-11-11T16:13:19 IST">
    <groups>
    </groups>
    <test name="StandardCharteredMaven" duration-ms="8890" started-at="2021-11-11T16:13:10 IST" finished-at="2021-11-11T16:13:19 IST">
      <class name="BrokenLinkTest">
        <test-method status="PASS" signature="setup()[pri:0, instance:BrokenLinkTest@146ba0ac]" name="setup" is-config="true" duration-ms="1996" started-at="2021-11-11T16:13:10 IST" finished-at="2021-11-11T16:13:12 IST">
          <reporter-output>
          </reporter-output>
        </test-method> <!-- setup -->
        <test-method status="PASS" signature="w3cValidationCheck()[pri:0, instance:BrokenLinkTest@146ba0ac]" name="w3cValidationCheck" duration-ms="1" started-at="2021-11-11T16:13:12 IST" finished-at="2021-11-11T16:13:12 IST">
          <reporter-output>
          </reporter-output>
        </test-method> <!-- w3cValidationCheck -->
        <test-method status="FAIL" signature="brokenLinkCheck()[pri:1, instance:BrokenLinkTest@146ba0ac]" name="brokenLinkCheck" duration-ms="6190" started-at="2021-11-11T16:13:12 IST" finished-at="2021-11-11T16:13:18 IST">
          <exception class="java.lang.NullPointerException">
            <full-stacktrace>
              <![CDATA[java.lang.NullPointerException
at BrokenLinkTest.lambda$brokenLinkValidationCheck$0(BrokenLinkTest.java:27)
at org.openqa.selenium.support.ui.FluentWait.until(FluentWait.java:249)
at BrokenLinkTest.brokenLinkValidationCheck(BrokenLinkTest.java:26)
at ParentClass.brokenLinkCheck(ParentClass.java:35)
at sun.reflect.NativeMethodAccessorImpl.invoke0(Native Method)
at sun.reflect.NativeMethodAccessorImpl.invoke(NativeMethodAccessorImpl.java:62)
at sun.reflect.DelegatingMethodAccessorImpl.invoke(DelegatingMethodAccessorImpl.java:43)
at java.lang.reflect.Method.invoke(Method.java:498)
at org.testng.internal.MethodInvocationHelper.invokeMethod(MethodInvocationHelper.java:133)
at org.testng.internal.TestInvoker.invokeMethod(TestInvoker.java:598)
at org.testng.internal.TestInvoker.invokeTestMethod(TestInvoker.java:173)
at org.testng.internal.MethodRunner.runInSequence(MethodRunner.java:46)
at org.testng.internal.TestInvoker$MethodInvocationAgent.invoke(TestInvoker.java:824)
at org.testng.internal.TestInvoker.invokeTestMethods(TestInvoker.java:146)
at org.testng.internal.TestMethodWorker.invokeTestMethods(TestMethodWorker.java:146)
at org.testng.internal.TestMethodWorker.run(TestMethodWorker.java:128)
at java.util.ArrayList.forEach(ArrayList.java:1257)
at org.testng.TestRunner.privateRun(TestRunner.java:794)
at org.testng.TestRunner.run(TestRunner.java:596)
at org.testng.SuiteRunner.runTest(SuiteRunner.java:377)
at org.testng.SuiteRunner.runSequentially(SuiteRunner.java:371)
at org.testng.SuiteRunner.privateRun(SuiteRunner.java:332)
at org.testng.SuiteRunner.run(SuiteRunner.java:276)
at org.testng.SuiteRunnerWorker.runSuite(SuiteRunnerWorker.java:53)
at org.testng.SuiteRunnerWorker.run(SuiteRunnerWorker.java:96)
at org.testng.TestNG.runSuitesSequentially(TestNG.java:1212)
at org.testng.TestNG.runSuitesLocally(TestNG.java:1134)
at org.testng.TestNG.runSuites(TestNG.java:1063)
at org.testng.TestNG.run(TestNG.java:1031)
at com.intellij.rt.testng.IDEARemoteTestNG.run(IDEARemoteTestNG.java:66)
at com.intellij.rt.testng.RemoteTestNGStarter.main(RemoteTestNGStarter.java:109)
]]>
            </full-stacktrace>
          </exception> <!-- java.lang.NullPointerException -->
          <reporter-output>
          </reporter-output>
        </test-method> <!-- brokenLinkCheck -->
        <test-method status="PASS" signature="jsValidationCheck()[pri:2, instance:BrokenLinkTest@146ba0ac]" name="jsValidationCheck" duration-ms="0" started-at="2021-11-11T16:13:18 IST" finished-at="2021-11-11T16:13:18 IST">
          <reporter-output>
          </reporter-output>
        </test-method> <!-- jsValidationCheck -->
        <test-method status="PASS" signature="responseDimensionCheck()[pri:3, instance:BrokenLinkTest@146ba0ac]" name="responseDimensionCheck" duration-ms="0" started-at="2021-11-11T16:13:18 IST" finished-at="2021-11-11T16:13:18 IST">
          <reporter-output>
          </reporter-output>
        </test-method> <!-- responseDimensionCheck -->
        <test-method status="PASS" signature="exit()[pri:0, instance:BrokenLinkTest@146ba0ac]" name="exit" is-config="true" duration-ms="654" started-at="2021-11-11T16:13:18 IST" finished-at="2021-11-11T16:13:19 IST">
          <reporter-output>
          </reporter-output>
        </test-method> <!-- exit -->
      </class> <!-- BrokenLinkTest -->
    </test> <!-- StandardCharteredMaven -->
  </suite> <!-- Default Suite -->
</testng-results>
