<?xml version="1.0" encoding="UTF-8"?>
<!-- Generated by org.testng.reporters.JUnitXMLReporter -->
<testsuite ignored="0" hostname="LAPTOP-HKRLNLI0" failures="0" tests="8" name="StancyBank" time="7721.484" errors="0" timestamp="2022-02-10T03:51:58 IST">
  <testcase classname="ParentClass" name="w3cValidationCheck" time="508.228"/>
  <testcase classname="ParentClass" name="jsValidationCheck" time="1158.383"/>
  <testcase classname="ParentClass" name="brokenLinkCheck" time="923.233"/>
  <testcase classname="ParentClass" name="brokenImagesCheck" time="76.354"/>
  <testcase classname="ParentClass" name="responseDimensionCheckBrokenLinks" time="3159.632"/>
  <testcase classname="ParentClass" name="responseDimensionCheckBrokenImages" time="709.609"/>
  <testcase classname="ParentClass" name="consoleLogsCheck" time="296.222"/>
  <testcase classname="ParentClass" name="responsiveDimensionConsoleLogs" time="887.9"/>
</testsuite> <!-- StancyBank -->
