<?xml version="1.0" encoding="UTF-8"?>
<!-- Generated by org.testng.reporters.JUnitReportReporter -->
<testsuite hostname="LAPTOP-HKRLNLI0" failures="0" tests="8" name="ParentClass" time="963.039" errors="0" timestamp="2022-01-28T11:58:02 IST" skipped="0">
  <testcase classname="ParentClass" name="w3cValidationCheck" time="64.250"/>
  <system-out>
    <![CDATA[Jan 28,2022 11:42:11 [info]  Validating the page for W3C error check : https://www.sc.com/sg/
Jan 28,2022 11:42:11 [info]  Entered the standard chartered url for validation into the address bar for validation
Jan 28,2022 11:42:16 [info]  Clicked on the check button to validate the standard chartered url address
Jan 28,2022 11:42:26 [info]  There are 5 results shown after url validation
Jan 28,2022 11:42:26 [info]  Warning info displayed
Jan 28,2022 11:42:37 [info]  Validating the page for W3C error check : https://www.sc.com/sg/credit-cards/
Jan 28,2022 11:42:38 [info]  Entered the standard chartered url for validation into the address bar for validation
Jan 28,2022 11:42:42 [info]  Clicked on the check button to validate the standard chartered url address
Jan 28,2022 11:42:52 [info]  There are 5 results shown after url validation
Jan 28,2022 11:42:52 [info]  Warning info displayed]]>
  </system-out>
  <testcase classname="ParentClass" name="jsValidationCheck" time="101.554"/>
  <system-out>
    <![CDATA[Jan 28,2022 11:43:04 [info]  Browser has been initiated successfully
Jan 28,2022 11:43:04 [info]  Window has been maximized to full screen
Jan 28,2022 11:43:10 [info]  Validating the page for JS error check : https://www.sc.com/sg/
Jan 28,2022 11:43:13 [info]  Entered the standard chartered url for js validation into the address bar for validation
Jan 28,2022 11:43:16 [info]  Clicked on the check button to validate the standard chartered url address
Jan 28,2022 11:43:52 [info]  Progress bar under the card header is complete
Jan 28,2022 11:43:52 [info]  Report summary has been created successfully
Jan 28,2022 11:43:52 [info]  JS failed count : 9 Failed
Jan 28,2022 11:43:52 [info]  JS warning count : 4 Warnings
Jan 28,2022 11:43:52 [info]  JS passed count : 46 Passed
Jan 28,2022 11:43:53 [info]  Browser has been initiated successfully
Jan 28,2022 11:43:53 [info]  Window has been maximized to full screen
Jan 28,2022 11:44:00 [info]  Validating the page for JS error check : https://www.sc.com/sg/credit-cards/
Jan 28,2022 11:44:04 [info]  Entered the standard chartered url for js validation into the address bar for validation
Jan 28,2022 11:44:06 [info]  Clicked on the check button to validate the standard chartered url address
Jan 28,2022 11:44:44 [info]  Progress bar under the card header is complete
Jan 28,2022 11:44:44 [info]  Report summary has been created successfully
Jan 28,2022 11:44:44 [info]  JS failed count : 7 Failed
Jan 28,2022 11:44:44 [info]  JS warning count : 3 Warnings
Jan 28,2022 11:44:44 [info]  JS passed count : 49 Passed]]>
  </system-out>
  <testcase classname="ParentClass" name="brokenLinkCheck" time="161.834"/>
  <system-out>
    <![CDATA[Jan 28,2022 11:44:51 [info]  There are 266 url to be verified for broken links
Jan 28,2022 11:44:53 [info]  https://www.sc.com/sg/priority/ is a valid link
Jan 28,2022 11:44:53 [info]  https://www.sc.com/sg/priority/priority-private/ is a valid link
Jan 28,2022 11:44:54 [info]  https://www.sc.com/sg/wealth/ is a valid link
Jan 28,2022 11:44:55 [info]  https://www.sc.com/sg/international-banking/ is a valid link
Jan 28,2022 11:44:55 [info]  https://www.sc.com/privatebank/en/ is a valid link
Jan 28,2022 11:44:56 [info]  https://www.sc.com/sg/business/ is a valid link
Jan 28,2022 11:44:56 [info]  https://www.sc.com/sg/commercial is a valid link
Jan 28,2022 11:44:57 [info]  https://www.sc.com/en/banking-services/business-banking.html is a valid link
Jan 28,2022 11:44:58 [info]  https://www.sc.com/sg/bank-with-us/mobile-banking-services/standard-chartered-mobile/ is a valid link
Jan 28,2022 11:44:58 [info]  https://www.sc.com/sg/help/ is a valid link
Jan 28,2022 11:44:59 [info]  https://www.sc.com/sg/search/ is a valid link
Jan 28,2022 11:44:59 [info]  https://www.sc.com/sg/ is a valid link
Jan 28,2022 11:44:59 [info]  https://www.sc.com/sg/ is a valid link
Jan 28,2022 11:44:59 [info]  https://www.sc.com/sg/save/current-accounts/ is a valid link
Jan 28,2022 11:45:00 [info]  https://www.sc.com/sg/save/current-accounts/bonussaver/ is a valid link
Jan 28,2022 11:45:00 [info]  https://www.sc.com/sg/save/current-accounts/supersalary/ is a valid link
Jan 28,2022 11:45:01 [info]  https://www.sc.com/sg/save/mca/ is a valid link
Jan 28,2022 11:45:01 [info]  https://www.sc.com/sg/save/savings-accounts/ is a valid link
Jan 28,2022 11:45:01 [info]  https://www.sc.com/sg/save/savings-accounts/esaver/ is a valid link
Jan 28,2022 11:45:02 [info]  https://www.sc.com/sg/save/savings-accounts/jumpstart/ is a valid link
Jan 28,2022 11:45:02 [info]  https://www.sc.com/sg/save/savings-accounts/usdsaver/ is a valid link
Jan 28,2022 11:45:03 [info]  https://www.sc.com/sg/save/time-deposits/ is a valid link
Jan 28,2022 11:45:03 [info]  https://www.sc.com/sg/save/time-deposits/sustainable-time-deposit/ is a valid link
Jan 28,2022 11:45:04 [info]  https://www.sc.com/sg/save/time-deposits/singapore-dollar-time-deposit/ is a valid link
Jan 28,2022 11:45:04 [info]  https://www.sc.com/sg/save/time-deposits/foreign-currency-time-deposits/ is a valid link
Jan 28,2022 11:45:05 [info]  https://www.sc.com/sg/promotions/casa-member-get-member/ is a valid link
Jan 28,2022 11:45:05 [info]  https://www.sc.com/sg/save/ is a valid link
Jan 28,2022 11:45:05 [info]  https://www.sc.com/sg/credit-cards/ is a valid link
Jan 28,2022 11:45:06 [info]  https://www.sc.com/sg/credit-cards/smart-credit-card/ is a valid link
Jan 28,2022 11:45:06 [info]  https://www.sc.com/sg/credit-cards/smart-credit-card/ is a valid link
Jan 28,2022 11:45:06 [info]  https://www.sc.com/sg/credit-cards/unlimited-cashback-credit-card/ is a valid link
Jan 28,2022 11:45:06 [info]  https://www.sc.com/sg/credit-cards/unlimited-cashback-credit-card/ is a valid link
Jan 28,2022 11:45:06 [info]  https://www.sc.com/sg/credit-cards/rewards-plus-credit-card/ is a valid link
Jan 28,2022 11:45:06 [info]  https://www.sc.com/sg/credit-cards/rewards-plus-credit-card/ is a valid link
Jan 28,2022 11:45:06 [info]  https://www.sc.com/sg/credit-cards/visa-infinite-card/ is a valid link
Jan 28,2022 11:45:07 [info]  https://www.sc.com/sg/credit-cards/visa-infinite-card/ is a valid link
Jan 28,2022 11:45:07 [info]  https://www.sc.com/sg/credit-cards/priority-visa-infinite-card/ is a valid link
Jan 28,2022 11:45:07 [info]  https://www.sc.com/sg/credit-cards/priority-visa-infinite-card/ is a valid link
Jan 28,2022 11:45:07 [info]  https://www.sc.com/sg/credit-cards/x-card/ is a valid link
Jan 28,2022 11:45:08 [info]  https://www.sc.com/sg/credit-cards/x-card/ is a valid link
Jan 28,2022 11:45:08 [info]  https://www.sc.com/sg/bank-with-us/ is a valid link
Jan 28,2022 11:45:08 [info]  https://www.sc.com/sg/promotions/instant/ is a valid link
Jan 28,2022 11:45:09 [info]  https://www.sc.com/sg/bank-with-us/service-requests/card-activation-pin-set/ is a valid link
Jan 28,2022 11:45:09 [info]  https://www.sc.com/sg/bank-with-us/online-banking-services/online-estatements/ is a valid link
Jan 28,2022 11:45:09 [info]  https://www.sc.com/sg/bank-with-us/manage-your-finances/ is a valid link
Jan 28,2022 11:45:10 [info]  https://www.sc.com/sg/sapl is a valid link
Jan 28,2022 11:45:10 [info]  https://www.sc.com/sg/credit-cards/ is a valid link
Jan 28,2022 11:45:10 [info]  https://www.sc.com/sg/borrow/loans/ is a valid link
Jan 28,2022 11:45:11 [info]  https://www.sc.com/sg/borrow/loans/cashone/ is a valid link
Jan 28,2022 11:45:11 [info]  https://www.sc.com/sg/borrow/loans/ is a valid link
Jan 28,2022 11:45:11 [info]  https://www.sc.com/sg/borrow/loans/balance-transfer/ is a valid link
Jan 28,2022 11:45:11 [info]  https://www.sc.com/sg/borrow/loans/ is a valid link
Jan 28,2022 11:45:11 [info]  https://www.sc.com/sg/borrow/loans/debt-consolidation/ is a valid link
Jan 28,2022 11:45:12 [info]  https://www.sc.com/sg/borrow/loans/debt-consolidation-refinance/ is a valid link
Jan 28,2022 11:45:12 [info]  https://www.sc.com/sg/borrow/loans/ is a valid link
Jan 28,2022 11:45:12 [info]  https://www.sc.com/sg/borrow/loans/auto-financing/ is a valid link
Jan 28,2022 11:45:12 [info]  https://www.sc.com/sg/borrow/mortgages/ is a valid link
Jan 28,2022 11:45:13 [info]  https://www.sc.com/sg/borrow/mortgages/mortgageone/ is a valid link
Jan 28,2022 11:45:13 [info]  https://www.sc.com/sg/borrow/mortgages/home-suite/ is a valid link
Jan 28,2022 11:45:14 [info]  https://www.sc.com/sg/borrow/mortgages/green-mortgage/ is a valid link
Jan 28,2022 11:45:14 [info]  https://www.sc.com/sg/important-information/sor-transition-to-sora-faqs/ is a valid link
Jan 28,2022 11:45:14 [info]  https://www.sc.com/sg/borrow/loans/cashone/ is a valid link
Jan 28,2022 11:45:14 [info]  https://www.sc.com/sg/borrow/ is a valid link
Jan 28,2022 11:45:14 [info]  https://www.sc.com/sg/wealth/investment/ is a valid link
Jan 28,2022 11:45:15 [info]  https://www.sc.com/sg/wealth/investment/unit-trusts/ is a valid link
Jan 28,2022 11:45:15 [info]  https://www.sc.com/sg/wealth/investment/online-trading/ is a valid link
Jan 28,2022 11:45:15 [info]  https://www.sc.com/sg/wealth/investment/livefx/ is a valid link
Jan 28,2022 11:45:16 [info]  https://www.sc.com/sg/wealth/sc-goals-planner/ is a valid link
Jan 28,2022 11:45:17 [info]  https://sc-onlineut-morningstar.nw-cloud.com/ is a valid link
Jan 28,2022 11:45:17 [info]  https://www.sc.com/sg/wealth/wealth-connect/ is a valid link
Jan 28,2022 11:45:17 [info]  https://www.sc.com/sg/wealth/ is a valid link
Jan 28,2022 11:45:18 [info]  https://www.sc.com/retail/mce/index.html?#/landing?lang=en&ctry=SG&channel=PLRB&sapp=PUB&requestId=8b5585b9-ac43-4cf8-806a-628426c8caec is a valid link
Jan 28,2022 11:45:18 [info]  https://www.sc.com/sg/articles/2018-psb-market-market-outlook-and-insights-webinar/ is a valid link
Jan 28,2022 11:45:18 [info]  https://www.sc.com/sg/wealth/insights/ is a valid link
Jan 28,2022 11:45:20 [info]  https://feeds.buzzsprout.com/1662247.rss/ is a valid link
Jan 28,2022 11:45:20 [info]  https://www.sc.com/sg/wealth/ is a valid link
Jan 28,2022 11:45:21 [info]  https://www.sc.com/sg/insurance/health-accident/ is a valid link
Jan 28,2022 11:45:21 [info]  https://www.sc.com/sg/insurance/health-insurance/ is a valid link
Jan 28,2022 11:45:21 [info]  https://www.sc.com/sg/insurance/health-accident/ is a valid link
Jan 28,2022 11:45:21 [info]  https://www.sc.com/sg/insurance/critical-illness/ is a valid link
Jan 28,2022 11:45:22 [info]  https://www.sc.com/sg/insurance/travel-home-car/ is a valid link
Jan 28,2022 11:45:22 [info]  https://www.sc.com/sg/insurance/allianz-home-protect/ is a valid link
Jan 28,2022 11:45:22 [info]  https://www.sc.com/sg/insurance/az-motor-protect/ is a valid link
Jan 28,2022 11:45:23 [info]  https://www.sc.com/sg/insurance/az-motor-protect/ is a valid link
Jan 28,2022 11:45:23 [info]  https://www.sc.com/sg/insurance/ is a valid link
Jan 28,2022 11:45:23 [info]  https://www.sc.com/sg/bank-with-us/online-banking/ is a valid link
Jan 28,2022 11:45:24 [info]  https://www.sc.com/sg/business-channels-access/straight2bank/ is a valid link
Jan 28,2022 11:45:25 [info]  https://www.sc.com/sg/rewards-programmes/ is a valid link
Jan 28,2022 11:45:25 [info]  https://www.sc.com/sg/pricing-guide/ is a valid link
Jan 28,2022 11:45:25 [info]  https://www.sc.com/sg/help/forms/ is a valid link
Jan 28,2022 11:45:25 [info]  https://www.sc.com/sg/help/contact-us/ is a valid link
Jan 28,2022 11:45:26 [info]  https://www.sc.com/sg/help/lost-card/ is a valid link
Jan 28,2022 11:45:26 [info]  https://www.sc.com/sg/help/activate-card/ is a valid link
Jan 28,2022 11:45:26 [info]  https://www.sc.com/sg/bank-with-us/online-banking/alerts-and-notifications/ is a valid link
Jan 28,2022 11:45:26 [info]  https://www.sc.com/sg/bank-with-us/remittance/ is a valid link
Jan 28,2022 11:45:27 [info]  https://www.sc.com/sg/bank-with-us/manage-your-finances/ is a valid link
Jan 28,2022 11:45:27 [info]  https://www.sc.com/sg/bank-with-us/manage-your-payments/ is a valid link
Jan 28,2022 11:45:27 [info]  https://www.sc.com/sg/bank-with-us/mobile-banking-services/standard-chartered-mobile/ is a valid link
Jan 28,2022 11:45:27 [info]  https://www.sc.com/sg/bank-with-us/ is a valid link
Jan 28,2022 11:45:27 [info]  https://www.sc.com/sg/bank-with-us/mobile-banking-services/standard-chartered-mobile/ is a valid link
Jan 28,2022 11:45:27 [info]  https://www.sc.com/sg/help/ is a valid link
Jan 28,2022 11:45:27 [info]  https://www.sc.com/sg/search/ is a valid link
Jan 28,2022 11:45:28 [info]  https://www.sc.com/sg/borrow/loans/cashone/?reference_id=IBNOF_OTH_PL is a valid link
Jan 28,2022 11:45:28 [info]  https://www.sc.com/sg/borrow/loans/cashone/?reference_id=IBNOF_OTH_PL is a valid link
Jan 28,2022 11:45:28 [info]  https://www.sc.com/sg/borrow/loans/cashone/?reference_id=IBNOF_OTH_PL is a valid link
Jan 28,2022 11:45:28 [info]  https://www.sc.com/sg/shop-anywhere-pay-later/?reference_id=IBNOF-OTH-SAPL is a valid link
Jan 28,2022 11:45:28 [info]  https://www.sc.com/sg/shop-anywhere-pay-later/?reference_id=IBNOF-OTH-SAPL is a valid link
Jan 28,2022 11:45:28 [info]  https://www.sc.com/sg/shop-anywhere-pay-later/?reference_id=IBNOF-OTH-SAPL is a valid link
Jan 28,2022 11:45:28 [info]  https://www.sc.com/sg/wealth/investment/online-trading/?reference_id=IBNOF-OTH-OT is a valid link
Jan 28,2022 11:45:28 [info]  https://www.sc.com/sg/wealth/investment/online-trading/?reference_id=IBNOF-OTH-OT is a valid link
Jan 28,2022 11:45:28 [info]  https://www.sc.com/sg/wealth/investment/online-trading/?reference_id=IBNOF-OTH-OT is a valid link
Jan 28,2022 11:45:28 [info]  https://www.sc.com/sg/save/?subchancode=IBOA is a valid link
Jan 28,2022 11:45:30 [info]  https://ibank.standardchartered.com.sg/nfs/login.htm?&_ga=2.55342635.1250817750.1612628392-585638684.1569585475 is a valid link
Jan 28,2022 11:45:30 [info]  https://www.sc.com/nfs/orr/foa/view_reward_home.htm?ctry=SG&lang=en_SG is a broken link
Jan 28,2022 11:45:31 [info]  https://s2b.standardchartered.com/ssoapp/login.jsp is a valid link
Jan 28,2022 11:45:31 [info]  https://www.sc.com/ao/ is a valid link
Jan 28,2022 11:45:32 [info]  https://www.sc.com/ar-en/ is a valid link
Jan 28,2022 11:45:32 [info]  https://www.sc.com/au/ is a valid link
Jan 28,2022 11:45:33 [info]  https://www.sc.com/bh/ is a valid link
Jan 28,2022 11:45:33 [info]  https://www.sc.com/bd/ is a valid link
Jan 28,2022 11:45:33 [info]  https://www.sc.com/bw/ is a valid link
Jan 28,2022 11:45:34 [info]  https://www.sc.com/br-en/ is a valid link
Jan 28,2022 11:45:34 [info]  https://www.sc.com/bn/en/ is a valid link
Jan 28,2022 11:45:35 [info]  https://www.sc.com/kh/ is a valid link
Jan 28,2022 11:45:36 [info]  https://www.sc.com/cm/ is a valid link
Jan 28,2022 11:45:36 [info]  https://www.sc.com/ar-en/ is a valid link
Jan 28,2022 11:45:37 [info]  https://www.sc.com/cn/ is a valid link
Jan 28,2022 11:45:37 [info]  https://www.sc.com/co-en/ is a valid link
Jan 28,2022 11:45:38 [info]  https://www.sc.com/ci/ is a valid link
Jan 28,2022 11:45:38 [info]  https://www.sc.com/fk/ is a valid link
Jan 28,2022 11:45:39 [info]  https://www.sc.com/fr-en/ is a valid link
Jan 28,2022 11:45:40 [info]  https://www.sc.com/de-en/ is a valid link
Jan 28,2022 11:45:40 [info]  https://www.sc.com/gh/ is a valid link
Jan 28,2022 11:45:41 [info]  https://www.sc.com/hk/ is a valid link
Jan 28,2022 11:45:41 [info]  https://www.sc.com/in/ is a valid link
Jan 28,2022 11:45:41 [info]  https://www.sc.com/id/en/ is a valid link
Jan 28,2022 11:45:42 [info]  https://www.sc.com/ie/ is a valid link
Jan 28,2022 11:45:42 [info]  https://www.sc.com/it/en/ is a valid link
Jan 28,2022 11:45:43 [info]  https://www.sc.com/jp/ is a valid link
Jan 28,2022 11:45:43 [info]  https://www.sc.com/je/ is a valid link
Jan 28,2022 11:45:44 [info]  https://www.sc.com/jo/ is a valid link
Jan 28,2022 11:45:44 [info]  https://www.sc.com/ke/ is a valid link
Jan 28,2022 11:45:45 [info]  https://www.sc.com/la/ is a valid link
Jan 28,2022 11:45:45 [info]  https://www.sc.com/lb/ is a valid link
Jan 28,2022 11:45:46 [info]  https://www.sc.com/mo/ is a valid link
Jan 28,2022 11:45:46 [info]  https://www.sc.com/my/ is a valid link
Jan 28,2022 11:45:47 [info]  https://www.sc.com/mu/ is a valid link
Jan 28,2022 11:45:47 [info]  https://www.sc.com/us/ is a valid link
Jan 28,2022 11:45:49 [info]  https://www.sc.com/en/contact-us/ is a valid link
Jan 28,2022 11:45:49 [info]  https://www.sc.com/np/ is a valid link
Jan 28,2022 11:45:49 [info]  https://www.sc.com/ng/ is a valid link
Jan 28,2022 11:45:50 [info]  https://www.sc.com/om-en/ is a valid link
Jan 28,2022 11:45:50 [info]  https://www.sc.com/pk/ is a valid link
Jan 28,2022 11:45:50 [info]  https://www.sc.com/co-en/ is a valid link
Jan 28,2022 11:45:50 [info]  https://www.sc.com/ph/ is a valid link
Jan 28,2022 11:45:51 [info]  https://www.sc.com/qa/ is a valid link
Jan 28,2022 11:45:51 [info]  https://www.sc.com/sg/ is a valid link
Jan 28,2022 11:45:51 [info]  https://www.sc.com/sl/ is a valid link
Jan 28,2022 11:45:52 [info]  https://www.sc.com/za/ is a valid link
Jan 28,2022 11:45:54 [info]  https://www.standardchartered.co.kr/np/kr/Intro.jsp is a valid link
Jan 28,2022 11:45:55 [info]  https://www.sc.com/lk/ is a valid link
Jan 28,2022 11:45:56 [info]  https://www.sc.com/se/ is a valid link
Jan 28,2022 11:45:56 [info]  https://www.sc.com/tw/ is a valid link
Jan 28,2022 11:45:56 [info]  https://www.sc.com/tz/ is a valid link
Jan 28,2022 11:45:57 [info]  https://www.sc.com/th-en/ is a valid link
Jan 28,2022 11:45:57 [info]  https://www.sc.com/gm/ is a valid link
Jan 28,2022 11:45:57 [info]  https://www.sc.com/tr-en/ is a valid link
Jan 28,2022 11:45:58 [info]  https://www.sc.com/ug/ is a valid link
Jan 28,2022 11:45:58 [info]  https://www.sc.com/ae/ is a valid link
Jan 28,2022 11:45:58 [info]  https://www.sc.com/uk/ is a valid link
Jan 28,2022 11:45:58 [info]  https://www.sc.com/us/ is a valid link
Jan 28,2022 11:45:59 [info]  https://www.sc.com/vn/en/ is a valid link
Jan 28,2022 11:45:59 [info]  https://www.sc.com/zm/ is a valid link
Jan 28,2022 11:45:59 [info]  https://www.sc.com/zw/ is a valid link
Jan 28,2022 11:46:00 [info]  https://www.sc.com/sg is a valid link
Jan 28,2022 11:46:00 [info]  https://www.sc.com/sg is a valid link
Jan 28,2022 11:46:00 [info]  https://www.sc.com/sg/# is a valid link
Jan 28,2022 11:46:00 [info]  https://api.myinfo.gov.sg/com/v3/authorise?subChanCode=iboa&pid=cc_ourproducts_svt&client_id=PROD-201224747C-SCB-MYWAY&authmode=SINGPASS&purpose=opening%20SC%20Investment%20Account%28s%29%20%26%20e%24aver%20account&response_type=code&attributes=name,hanyupinyinname,aliasname,hanyupinyinaliasname,marriedname,sex,nationality,dob,birthcountry,regadd,noa-basic,email,mobileno,homeno,edulevel,employment&state=IB03%2D2&redirect_uri=https%3A%2F%2Fwww.sc.com%2Fglobal%2Fav%2Fforms%2Fd1%2Fmyinfo%2Fcasa_callback.html%3Fpt%3Des&subChanCode=IBAT06&state=IBAT06-2 is a broken link
Jan 28,2022 11:46:01 [info]  https://retail.sc.com/sg/nfs/login.htm?invest=scot&instance=&referID=&subChanCode=IBAT06&state=IBAT06-2 is a valid link
Jan 28,2022 11:46:01 [info]  https://api.myinfo.gov.sg/com/v3/authorise?client_id=PROD-201224747C-SCB-MYWAY&authmode=SINGPASS&purpose=opening%20SC%20Investment%20Account%28s%29%20%26%20e%24aver%20account&response_type=code&attributes=name,hanyupinyinname,aliasname,hanyupinyinaliasname,marriedname,sex,nationality,dob,birthcountry,regadd,noa-basic,email,mobileno,homeno,edulevel,employment&state=%20IBAT06%2D1&redirect_uri=https%3A%2F%2Fwww.sc.com%2Fglobal%2Fav%2Fforms%2Fd1%2Fmyinfo%2Fcasa_callback.html%3Fpt%3Des&subChanCode=IBAT06&state=IBAT06-1 is a broken link
Jan 28,2022 11:46:01 [info]  https://retail.sc.com/sg/nfs/login.htm?invest=out&_ga&subChanCode=IBAT06&state=IBAT06-1 is a valid link
Jan 28,2022 11:46:01 [info]  https://www.sc.com/sg/credit-cards/smart-credit-card/?referID=CHeroBanner&intcid=xt-hero-general-banner is a valid link
Jan 28,2022 11:46:01 [info]  https://www.sc.com/sg/credit-cards/smart-credit-card/?referID=CHeroBanner&intcid=xt-hero-general-banner is a valid link
Jan 28,2022 11:46:02 [info]  https://www.sc.com/sg/promotions/?intcid=quicklinks-1_may31-sg-promotions&subchancode=IBA4 is a valid link
Jan 28,2022 11:46:02 [info]  https://www.sc.com/sg/borrow/loans/cashone/?subChanCode=IBA4 is a valid link
Jan 28,2022 11:46:02 [info]  https://www.sc.com/sg/credit-cards/smart-credit-card/?subchancode=IBA4 is a valid link
Jan 28,2022 11:46:02 [info]  https://www.sc.com/sg/save/current-accounts/bonussaver/?subChanCode=IBA4 is a valid link
Jan 28,2022 11:46:02 [info]  https://www.sc.com/sg/wealth/investment/online-trading/?subChanCode=IBA4&state=IBAT07-2 is a valid link
Jan 28,2022 11:46:02 [info]  https://www.sc.com/sg/cybersecurity/ is a valid link
Jan 28,2022 11:46:02 [info]  https://www.sc.com/sg/credit-cards/smart-credit-card/?referID=CHeroBanner&intcid=xt-hero-general-tile-1 is a valid link
Jan 28,2022 11:46:03 [info]  https://www.sc.com/sg/promotions/frosjourney/?referID=CHeroBanner&intcid=xt-hero-general-tile-2 is a valid link
Jan 28,2022 11:46:03 [info]  https://www.sc.com/sg/insurance/?referID=CHeroBanner&intcid=xt-hero-general-tile-3 is a valid link
Jan 28,2022 11:46:03 [info]  https://www.sc.com/sg/wealth/sustainable-investing/?referID=CHeroBanner&intcid=xt-hero-general-tile-4 is a valid link
Jan 28,2022 11:46:03 [info]  https://www.sc.com/sg/borrow/loans/cashone/?referID=CHeroBanner&intcid=xt-hero-general-tile-5 is a valid link
Jan 28,2022 11:46:03 [info]  https://www.sc.com/sg/promotions/mgm-referral-programme-scremit/?instance=ibpc_scremit_hp is a valid link
Jan 28,2022 11:46:03 [info]  https://www.sc.com/sg/#banking-for-individuals is a valid link
Jan 28,2022 11:46:04 [info]  https://www.sc.com/sg/priority/ is a valid link
Jan 28,2022 11:46:04 [info]  https://www.sc.com/sg/priority/priority-private is a valid link
Jan 28,2022 11:46:04 [info]  https://www.sc.com/privatebank/en/ is a valid link
Jan 28,2022 11:46:05 [info]  https://www.sc.com/sg/wealth-management/ is a valid link
Jan 28,2022 11:46:05 [info]  https://www.sc.com/sg/personal/ is a valid link
Jan 28,2022 11:46:05 [info]  https://www.sc.com/sg/international-banking/ is a valid link
Jan 28,2022 11:46:05 [info]  https://www.sc.com/sg/#banking-for-companies is a valid link
Jan 28,2022 11:46:05 [info]  https://www.sc.com/sg/business/ is a valid link
Jan 28,2022 11:46:05 [info]  https://www.sc.com/sg/commercial/ is a valid link
Jan 28,2022 11:46:05 [info]  https://www.sc.com/en/banking-services/business-banking.html is a valid link
Jan 28,2022 11:46:06 [info]  https://www.sc.com/retail/mce/index.html?#/landing?lang=en&ctry=SG&channel=PLRB&sapp=PUB&requestId=98e66083-f61b-4206-ada3-790747b797df is a valid link
Jan 28,2022 11:46:06 [info]  https://www.sc.com/retail/mce/index.html?#/landing?lang=en&ctry=SG&channel=PLRB&sapp=PUB&requestId=98e66083-f61b-4206-ada3-790747b797df is a valid link
Jan 28,2022 11:46:06 [info]  https://www.sc.com/sg/articles/2018-psb-market-market-outlook-and-insights-webinar/ is a valid link
Jan 28,2022 11:46:06 [info]  https://www.sc.com/sg/promotions/instant-accounts/ is a valid link
Jan 28,2022 11:46:06 [info]  https://www.sc.com/sg/promotions/instant-accounts/ is a valid link
Jan 28,2022 11:46:06 [info]  https://www.sc.com/sg/promotions/instant-accounts/ is a valid link
Jan 28,2022 11:46:06 [info]  https://www.sc.com/sg/important-information/ is a valid link
Jan 28,2022 11:46:07 [info]  https://www.sc.com/sg/important-information/important-changes-to-credit-card-term/ is a valid link
Jan 28,2022 11:46:07 [info]  https://www.sc.com/sg/important-information/priority-mortgage-plus-pmp-terms/ is a valid link
Jan 28,2022 11:46:07 [info]  https://www.sc.com/sg/important-information/important-changes-to-credit-card-term-rewards/ is a valid link
Jan 28,2022 11:46:08 [info]  https://www.sc.com/sg/important-information/cessation-of-e-cashiers-order-issuance/ is a valid link
Jan 28,2022 11:46:08 [info]  javascript:; This url threw the error
Jan 28,2022 11:46:08 [info]  https://www.sc.com/sg/sitemap/ is a valid link
Jan 28,2022 11:46:09 [info]  https://www.sc.com/sg/about-us/ is a valid link
Jan 28,2022 11:46:09 [info]  https://www.sc.com/sg/bank-with-us/ is a valid link
Jan 28,2022 11:46:09 [info]  https://www.sc.com/sg/atm-branch-locator/ is a valid link
Jan 28,2022 11:46:09 [info]  https://www.sc.com/sg/help/ is a valid link
Jan 28,2022 11:46:09 [info]  https://www.sc.com/sg/help/#faq is a valid link
Jan 28,2022 11:46:09 [info]  https://www.sc.com/sg/help/forms/ is a valid link
Jan 28,2022 11:46:09 [info]  https://www.sc.com/retail/mce/index.html#/landing?lang=en&ctry=SG&channel=PLRB&sapp=PUB is a valid link
Jan 28,2022 11:46:10 [info]  https://www.sc.com/en/investors/ is a valid link
Jan 28,2022 11:46:12 [info]  https://www.standardchartered.com/en/learning-resources/global-research.html is a valid link
Jan 28,2022 11:46:12 [info]  https://www.sc.com/sg/news-media/ is a valid link
Jan 28,2022 11:46:12 [info]  https://www.sc.com/sg/about-us/awards-achievements/ is a valid link
Jan 28,2022 11:46:13 [info]  https://www.sc.com/sg/careers/ is a valid link
Jan 28,2022 11:46:13 [info]  https://www.sc.com/en/ is a valid link
Jan 28,2022 11:46:14 [info]  http://www.speakingupsc.ethicspoint.com/ is a valid link
Jan 28,2022 11:46:15 [info]  https://www.sc.com/en/about/fighting-financial-crime/#fighting-fraud is a valid link
Jan 28,2022 11:46:15 [info]  https://www.sc.com/global/security-tips/ is a valid link
Jan 28,2022 11:46:16 [info]  https://www.sc.com/protecting-our-clients/ is a valid link
Jan 28,2022 11:46:17 [info]  https://sc.com/sg/cookie-policy/ is a valid link
Jan 28,2022 11:46:17 [info]  https://www.standardchartered.com/sustainability/en/index.html is a valid link
Jan 28,2022 11:46:18 [info]  https://www.sc.com/sg/privacy/ is a valid link
Jan 28,2022 11:46:18 [info]  https://www.sc.com/sg/terms-and-conditions/ is a valid link
Jan 28,2022 11:46:19 [info]  https://apps.apple.com/sg/app/sc-mobile-singapore-breeze/id367337298 is a valid link
Jan 28,2022 11:46:19 [info]  https://play.google.com/store/apps/details?id=air.app.scb.breeze.android.main.sg.prod&hl=en is a valid link
Jan 28,2022 11:46:20 [info]  https://www.sc.com/sg/about-us/ is a valid link
Jan 28,2022 11:46:20 [info]  https://www.sc.com/sg/bank-with-us/ is a valid link
Jan 28,2022 11:46:20 [info]  https://www.sc.com/sg/atm-branch-locator/ is a valid link
Jan 28,2022 11:46:20 [info]  https://www.sc.com/sg/help/ is a valid link
Jan 28,2022 11:46:20 [info]  https://www.sc.com/sg/help/#faq is a valid link
Jan 28,2022 11:46:20 [info]  https://www.sc.com/sg/help/forms/ is a valid link
Jan 28,2022 11:46:20 [info]  https://www.sc.com/retail/mce/index.html#/landing?lang=en&ctry=SG&channel=PLRB&sapp=PUB is a valid link
Jan 28,2022 11:46:21 [info]  https://www.sc.com/en/investors/ is a valid link
Jan 28,2022 11:46:21 [info]  https://www.standardchartered.com/en/learning-resources/global-research.html is a valid link
Jan 28,2022 11:46:21 [info]  https://www.sc.com/sg/news-media/ is a valid link
Jan 28,2022 11:46:21 [info]  https://www.sc.com/sg/about-us/awards-achievements/ is a valid link
Jan 28,2022 11:46:22 [info]  https://www.sc.com/sg/careers/ is a valid link
Jan 28,2022 11:46:22 [info]  https://www.sc.com/en/ is a valid link
Jan 28,2022 11:46:23 [info]  http://www.speakingupsc.ethicspoint.com/ is a valid link
Jan 28,2022 11:46:23 [info]  https://www.sc.com/en/about/fighting-financial-crime/#fighting-fraud is a valid link
Jan 28,2022 11:46:23 [info]  https://www.sc.com/global/security-tips/ is a valid link
Jan 28,2022 11:46:24 [info]  https://www.sc.com/protecting-our-clients/ is a valid link
Jan 28,2022 11:46:24 [info]  https://sc.com/sg/cookie-policy/ is a valid link
Jan 28,2022 11:46:24 [info]  https://www.standardchartered.com/sustainability/en/index.html is a valid link
Jan 28,2022 11:46:24 [info]  https://www.sc.com/sg/privacy/ is a valid link
Jan 28,2022 11:46:24 [info]  https://www.sc.com/sg/terms-and-conditions/ is a valid link
Jan 28,2022 11:46:25 [info]  https://www.facebook.com/Standardcharteredsg/ is a valid link
Jan 28,2022 11:46:25 [info]  https://twitter.com/StanChart is a valid link
Jan 28,2022 11:46:26 [info]  https://www.linkedin.com/company/standardchartered/ is a broken link
Jan 28,2022 11:46:29 [info]  There are 245 url to be verified for broken links
Jan 28,2022 11:46:29 [info]  https://www.sc.com/sg/priority/ is a valid link
Jan 28,2022 11:46:30 [info]  https://www.sc.com/sg/priority/priority-private/ is a valid link
Jan 28,2022 11:46:30 [info]  https://www.sc.com/sg/wealth/ is a valid link
Jan 28,2022 11:46:30 [info]  https://www.sc.com/sg/international-banking/ is a valid link
Jan 28,2022 11:46:30 [info]  https://www.sc.com/privatebank/en/ is a valid link
Jan 28,2022 11:46:31 [info]  https://www.sc.com/sg/business/ is a valid link
Jan 28,2022 11:46:31 [info]  https://www.sc.com/sg/commercial is a valid link
Jan 28,2022 11:46:31 [info]  https://www.sc.com/en/banking-services/business-banking.html is a valid link
Jan 28,2022 11:46:32 [info]  https://www.sc.com/sg/bank-with-us/mobile-banking-services/standard-chartered-mobile/ is a valid link
Jan 28,2022 11:46:32 [info]  https://www.sc.com/sg/help/ is a valid link
Jan 28,2022 11:46:32 [info]  https://www.sc.com/sg/search/ is a valid link
Jan 28,2022 11:46:32 [info]  https://www.sc.com/sg/ is a valid link
Jan 28,2022 11:46:32 [info]  https://www.sc.com/sg/ is a valid link
Jan 28,2022 11:46:33 [info]  https://www.sc.com/sg/save/current-accounts/ is a valid link
Jan 28,2022 11:46:33 [info]  https://www.sc.com/sg/save/current-accounts/bonussaver/ is a valid link
Jan 28,2022 11:46:33 [info]  https://www.sc.com/sg/save/current-accounts/supersalary/ is a valid link
Jan 28,2022 11:46:33 [info]  https://www.sc.com/sg/save/mca/ is a valid link
Jan 28,2022 11:46:34 [info]  https://www.sc.com/sg/save/savings-accounts/ is a valid link
Jan 28,2022 11:46:34 [info]  https://www.sc.com/sg/save/savings-accounts/esaver/ is a valid link
Jan 28,2022 11:46:35 [info]  https://www.sc.com/sg/save/savings-accounts/jumpstart/ is a valid link
Jan 28,2022 11:46:35 [info]  https://www.sc.com/sg/save/savings-accounts/usdsaver/ is a valid link
Jan 28,2022 11:46:36 [info]  https://www.sc.com/sg/save/time-deposits/ is a valid link
Jan 28,2022 11:46:36 [info]  https://www.sc.com/sg/save/time-deposits/sustainable-time-deposit/ is a valid link
Jan 28,2022 11:46:36 [info]  https://www.sc.com/sg/save/time-deposits/singapore-dollar-time-deposit/ is a valid link
Jan 28,2022 11:46:36 [info]  https://www.sc.com/sg/save/time-deposits/foreign-currency-time-deposits/ is a valid link
Jan 28,2022 11:46:37 [info]  https://www.sc.com/sg/promotions/casa-member-get-member/ is a valid link
Jan 28,2022 11:46:37 [info]  https://www.sc.com/sg/save/ is a valid link
Jan 28,2022 11:46:37 [info]  https://www.sc.com/sg/credit-cards/ is a valid link
Jan 28,2022 11:46:37 [info]  https://www.sc.com/sg/credit-cards/smart-credit-card/ is a valid link
Jan 28,2022 11:46:37 [info]  https://www.sc.com/sg/credit-cards/smart-credit-card/ is a valid link
Jan 28,2022 11:46:37 [info]  https://www.sc.com/sg/credit-cards/unlimited-cashback-credit-card/ is a valid link
Jan 28,2022 11:46:38 [info]  https://www.sc.com/sg/credit-cards/unlimited-cashback-credit-card/ is a valid link
Jan 28,2022 11:46:38 [info]  https://www.sc.com/sg/credit-cards/rewards-plus-credit-card/ is a valid link
Jan 28,2022 11:46:38 [info]  https://www.sc.com/sg/credit-cards/rewards-plus-credit-card/ is a valid link
Jan 28,2022 11:46:38 [info]  https://www.sc.com/sg/credit-cards/visa-infinite-card/ is a valid link
Jan 28,2022 11:46:38 [info]  https://www.sc.com/sg/credit-cards/visa-infinite-card/ is a valid link
Jan 28,2022 11:46:39 [info]  https://www.sc.com/sg/credit-cards/priority-visa-infinite-card/ is a valid link
Jan 28,2022 11:46:39 [info]  https://www.sc.com/sg/credit-cards/priority-visa-infinite-card/ is a valid link
Jan 28,2022 11:46:40 [info]  https://www.sc.com/sg/credit-cards/x-card/ is a valid link
Jan 28,2022 11:46:40 [info]  https://www.sc.com/sg/credit-cards/x-card/ is a valid link
Jan 28,2022 11:46:40 [info]  https://www.sc.com/sg/bank-with-us/ is a valid link
Jan 28,2022 11:46:40 [info]  https://www.sc.com/sg/promotions/instant/ is a valid link
Jan 28,2022 11:46:40 [info]  https://www.sc.com/sg/bank-with-us/service-requests/card-activation-pin-set/ is a valid link
Jan 28,2022 11:46:40 [info]  https://www.sc.com/sg/bank-with-us/online-banking-services/online-estatements/ is a valid link
Jan 28,2022 11:46:40 [info]  https://www.sc.com/sg/bank-with-us/manage-your-finances/ is a valid link
Jan 28,2022 11:46:41 [info]  https://www.sc.com/sg/sapl is a valid link
Jan 28,2022 11:46:41 [info]  https://www.sc.com/sg/credit-cards/ is a valid link
Jan 28,2022 11:46:41 [info]  https://www.sc.com/sg/borrow/loans/ is a valid link
Jan 28,2022 11:46:41 [info]  https://www.sc.com/sg/borrow/loans/cashone/ is a valid link
Jan 28,2022 11:46:41 [info]  https://www.sc.com/sg/borrow/loans/ is a valid link
Jan 28,2022 11:46:41 [info]  https://www.sc.com/sg/borrow/loans/balance-transfer/ is a valid link
Jan 28,2022 11:46:41 [info]  https://www.sc.com/sg/borrow/loans/ is a valid link
Jan 28,2022 11:46:42 [info]  https://www.sc.com/sg/borrow/loans/debt-consolidation/ is a valid link
Jan 28,2022 11:46:42 [info]  https://www.sc.com/sg/borrow/loans/debt-consolidation-refinance/ is a valid link
Jan 28,2022 11:46:42 [info]  https://www.sc.com/sg/borrow/loans/ is a valid link
Jan 28,2022 11:46:42 [info]  https://www.sc.com/sg/borrow/loans/auto-financing/ is a valid link
Jan 28,2022 11:46:42 [info]  https://www.sc.com/sg/borrow/mortgages/ is a valid link
Jan 28,2022 11:46:43 [info]  https://www.sc.com/sg/borrow/mortgages/mortgageone/ is a valid link
Jan 28,2022 11:46:43 [info]  https://www.sc.com/sg/borrow/mortgages/home-suite/ is a valid link
Jan 28,2022 11:46:43 [info]  https://www.sc.com/sg/borrow/mortgages/green-mortgage/ is a valid link
Jan 28,2022 11:46:43 [info]  https://www.sc.com/sg/important-information/sor-transition-to-sora-faqs/ is a valid link
Jan 28,2022 11:46:43 [info]  https://www.sc.com/sg/borrow/loans/cashone/ is a valid link
Jan 28,2022 11:46:44 [info]  https://www.sc.com/sg/borrow/ is a valid link
Jan 28,2022 11:46:44 [info]  https://www.sc.com/sg/wealth/investment/ is a valid link
Jan 28,2022 11:46:44 [info]  https://www.sc.com/sg/wealth/investment/unit-trusts/ is a valid link
Jan 28,2022 11:46:44 [info]  https://www.sc.com/sg/wealth/investment/online-trading/ is a valid link
Jan 28,2022 11:46:44 [info]  https://www.sc.com/sg/wealth/investment/livefx/ is a valid link
Jan 28,2022 11:46:44 [info]  https://www.sc.com/sg/wealth/sc-goals-planner/ is a valid link
Jan 28,2022 11:46:45 [info]  https://sc-onlineut-morningstar.nw-cloud.com/ is a valid link
Jan 28,2022 11:46:45 [info]  https://www.sc.com/sg/wealth/wealth-connect/ is a valid link
Jan 28,2022 11:46:45 [info]  https://www.sc.com/sg/wealth/ is a valid link
Jan 28,2022 11:46:45 [info]  https://www.sc.com/retail/mce/index.html?#/landing?lang=en&ctry=SG&channel=PLRB&sapp=PUB&requestId=8b5585b9-ac43-4cf8-806a-628426c8caec is a valid link
Jan 28,2022 11:46:45 [info]  https://www.sc.com/sg/articles/2018-psb-market-market-outlook-and-insights-webinar/ is a valid link
Jan 28,2022 11:46:46 [info]  https://www.sc.com/sg/wealth/insights/ is a valid link
Jan 28,2022 11:46:46 [info]  https://feeds.buzzsprout.com/1662247.rss/ is a valid link
Jan 28,2022 11:46:46 [info]  https://www.sc.com/sg/wealth/ is a valid link
Jan 28,2022 11:46:46 [info]  https://www.sc.com/sg/insurance/health-accident/ is a valid link
Jan 28,2022 11:46:46 [info]  https://www.sc.com/sg/insurance/health-insurance/ is a valid link
Jan 28,2022 11:46:46 [info]  https://www.sc.com/sg/insurance/health-accident/ is a valid link
Jan 28,2022 11:46:47 [info]  https://www.sc.com/sg/insurance/critical-illness/ is a valid link
Jan 28,2022 11:46:47 [info]  https://www.sc.com/sg/insurance/travel-home-car/ is a valid link
Jan 28,2022 11:46:47 [info]  https://www.sc.com/sg/insurance/allianz-home-protect/ is a valid link
Jan 28,2022 11:46:48 [info]  https://www.sc.com/sg/insurance/az-motor-protect/ is a valid link
Jan 28,2022 11:46:48 [info]  https://www.sc.com/sg/insurance/az-motor-protect/ is a valid link
Jan 28,2022 11:46:48 [info]  https://www.sc.com/sg/insurance/ is a valid link
Jan 28,2022 11:46:48 [info]  https://www.sc.com/sg/bank-with-us/online-banking/ is a valid link
Jan 28,2022 11:46:48 [info]  https://www.sc.com/sg/business-channels-access/straight2bank/ is a valid link
Jan 28,2022 11:46:49 [info]  https://www.sc.com/sg/rewards-programmes/ is a valid link
Jan 28,2022 11:46:49 [info]  https://www.sc.com/sg/pricing-guide/ is a valid link
Jan 28,2022 11:46:49 [info]  https://www.sc.com/sg/help/forms/ is a valid link
Jan 28,2022 11:46:50 [info]  https://www.sc.com/sg/help/contact-us/ is a valid link
Jan 28,2022 11:46:50 [info]  https://www.sc.com/sg/help/lost-card/ is a valid link
Jan 28,2022 11:46:50 [info]  https://www.sc.com/sg/help/activate-card/ is a valid link
Jan 28,2022 11:46:51 [info]  https://www.sc.com/sg/bank-with-us/online-banking/alerts-and-notifications/ is a valid link
Jan 28,2022 11:46:51 [info]  https://www.sc.com/sg/bank-with-us/remittance/ is a valid link
Jan 28,2022 11:46:51 [info]  https://www.sc.com/sg/bank-with-us/manage-your-finances/ is a valid link
Jan 28,2022 11:46:51 [info]  https://www.sc.com/sg/bank-with-us/manage-your-payments/ is a valid link
Jan 28,2022 11:46:51 [info]  https://www.sc.com/sg/bank-with-us/mobile-banking-services/standard-chartered-mobile/ is a valid link
Jan 28,2022 11:46:51 [info]  https://www.sc.com/sg/bank-with-us/ is a valid link
Jan 28,2022 11:46:51 [info]  https://www.sc.com/sg/bank-with-us/mobile-banking-services/standard-chartered-mobile/ is a valid link
Jan 28,2022 11:46:51 [info]  https://www.sc.com/sg/help/ is a valid link
Jan 28,2022 11:46:51 [info]  https://www.sc.com/sg/search/ is a valid link
Jan 28,2022 11:46:51 [info]  https://www.sc.com/sg/credit-cards/unlimited-cashback-credit-card/?subChanCode=IBOA is a valid link
Jan 28,2022 11:46:53 [info]  https://ibank.standardchartered.com.sg/nfs/login.htm?&_ga=2.55342635.1250817750.1612628392-585638684.1569585475 is a valid link
Jan 28,2022 11:46:54 [info]  https://www.sc.com/nfs/orr/foa/view_reward_home.htm?ctry=SG&lang=en_SG is a broken link
Jan 28,2022 11:46:54 [info]  https://s2b.standardchartered.com/ssoapp/login.jsp is a valid link
Jan 28,2022 11:46:55 [info]  https://www.sc.com/ao/ is a valid link
Jan 28,2022 11:46:55 [info]  https://www.sc.com/ar-en/ is a valid link
Jan 28,2022 11:46:55 [info]  https://www.sc.com/au/ is a valid link
Jan 28,2022 11:46:55 [info]  https://www.sc.com/bh/ is a valid link
Jan 28,2022 11:46:55 [info]  https://www.sc.com/bd/ is a valid link
Jan 28,2022 11:46:55 [info]  https://www.sc.com/bw/ is a valid link
Jan 28,2022 11:46:56 [info]  https://www.sc.com/br-en/ is a valid link
Jan 28,2022 11:46:56 [info]  https://www.sc.com/bn/en/ is a valid link
Jan 28,2022 11:46:56 [info]  https://www.sc.com/kh/ is a valid link
Jan 28,2022 11:46:56 [info]  https://www.sc.com/cm/ is a valid link
Jan 28,2022 11:46:56 [info]  https://www.sc.com/ar-en/ is a valid link
Jan 28,2022 11:46:56 [info]  https://www.sc.com/cn/ is a valid link
Jan 28,2022 11:46:56 [info]  https://www.sc.com/co-en/ is a valid link
Jan 28,2022 11:46:56 [info]  https://www.sc.com/ci/ is a valid link
Jan 28,2022 11:46:56 [info]  https://www.sc.com/fk/ is a valid link
Jan 28,2022 11:46:56 [info]  https://www.sc.com/fr-en/ is a valid link
Jan 28,2022 11:46:56 [info]  https://www.sc.com/de-en/ is a valid link
Jan 28,2022 11:46:56 [info]  https://www.sc.com/gh/ is a valid link
Jan 28,2022 11:46:56 [info]  https://www.sc.com/hk/ is a valid link
Jan 28,2022 11:46:56 [info]  https://www.sc.com/in/ is a valid link
Jan 28,2022 11:46:57 [info]  https://www.sc.com/id/en/ is a valid link
Jan 28,2022 11:46:57 [info]  https://www.sc.com/ie/ is a valid link
Jan 28,2022 11:46:57 [info]  https://www.sc.com/it/en/ is a valid link
Jan 28,2022 11:46:57 [info]  https://www.sc.com/jp/ is a valid link
Jan 28,2022 11:46:57 [info]  https://www.sc.com/je/ is a valid link
Jan 28,2022 11:46:57 [info]  https://www.sc.com/jo/ is a valid link
Jan 28,2022 11:46:57 [info]  https://www.sc.com/ke/ is a valid link
Jan 28,2022 11:46:57 [info]  https://www.sc.com/la/ is a valid link
Jan 28,2022 11:46:57 [info]  https://www.sc.com/lb/ is a valid link
Jan 28,2022 11:46:57 [info]  https://www.sc.com/mo/ is a valid link
Jan 28,2022 11:46:57 [info]  https://www.sc.com/my/ is a valid link
Jan 28,2022 11:46:57 [info]  https://www.sc.com/mu/ is a valid link
Jan 28,2022 11:46:57 [info]  https://www.sc.com/us/ is a valid link
Jan 28,2022 11:46:57 [info]  https://www.sc.com/en/contact-us/ is a valid link
Jan 28,2022 11:46:57 [info]  https://www.sc.com/np/ is a valid link
Jan 28,2022 11:46:57 [info]  https://www.sc.com/ng/ is a valid link
Jan 28,2022 11:46:57 [info]  https://www.sc.com/om-en/ is a valid link
Jan 28,2022 11:46:57 [info]  https://www.sc.com/pk/ is a valid link
Jan 28,2022 11:46:57 [info]  https://www.sc.com/co-en/ is a valid link
Jan 28,2022 11:46:57 [info]  https://www.sc.com/ph/ is a valid link
Jan 28,2022 11:46:57 [info]  https://www.sc.com/qa/ is a valid link
Jan 28,2022 11:46:58 [info]  https://www.sc.com/sg/ is a valid link
Jan 28,2022 11:46:58 [info]  https://www.sc.com/sl/ is a valid link
Jan 28,2022 11:46:58 [info]  https://www.sc.com/za/ is a valid link
Jan 28,2022 11:47:00 [info]  https://www.standardchartered.co.kr/np/kr/Intro.jsp is a valid link
Jan 28,2022 11:47:00 [info]  https://www.sc.com/lk/ is a valid link
Jan 28,2022 11:47:00 [info]  https://www.sc.com/se/ is a valid link
Jan 28,2022 11:47:00 [info]  https://www.sc.com/tw/ is a valid link
Jan 28,2022 11:47:00 [info]  https://www.sc.com/tz/ is a valid link
Jan 28,2022 11:47:00 [info]  https://www.sc.com/th-en/ is a valid link
Jan 28,2022 11:47:00 [info]  https://www.sc.com/gm/ is a valid link
Jan 28,2022 11:47:00 [info]  https://www.sc.com/tr-en/ is a valid link
Jan 28,2022 11:47:00 [info]  https://www.sc.com/ug/ is a valid link
Jan 28,2022 11:47:00 [info]  https://www.sc.com/ae/ is a valid link
Jan 28,2022 11:47:00 [info]  https://www.sc.com/uk/ is a valid link
Jan 28,2022 11:47:00 [info]  https://www.sc.com/us/ is a valid link
Jan 28,2022 11:47:00 [info]  https://www.sc.com/vn/en/ is a valid link
Jan 28,2022 11:47:01 [info]  https://www.sc.com/zm/ is a valid link
Jan 28,2022 11:47:01 [info]  https://www.sc.com/zw/ is a valid link
Jan 28,2022 11:47:01 [info]  https://www.sc.com/sg is a valid link
Jan 28,2022 11:47:01 [info]  https://www.sc.com/sg is a valid link
Jan 28,2022 11:47:01 [info]  https://www.sc.com/sg/credit-cards/# is a valid link
Jan 28,2022 11:47:03 [info]  https://api.myinfo.gov.sg/com/v3/authorise?subChanCode=iboa&pid=cc_ourproducts_svt&client_id=PROD-201224747C-SCB-MYWAY&authmode=SINGPASS&purpose=opening%20SC%20Investment%20Account%28s%29%20%26%20e%24aver%20account&response_type=code&attributes=name,hanyupinyinname,aliasname,hanyupinyinaliasname,marriedname,sex,nationality,dob,birthcountry,regadd,noa-basic,email,mobileno,homeno,edulevel,employment&state=IB03%2D2&redirect_uri=https%3A%2F%2Fwww.sc.com%2Fglobal%2Fav%2Fforms%2Fd1%2Fmyinfo%2Fcasa_callback.html%3Fpt%3Des&subChanCode=IBAT06&state=IBAT06-2 is a broken link
Jan 28,2022 11:47:03 [info]  https://retail.sc.com/sg/nfs/login.htm?invest=scot&instance=&referID=&subChanCode=IBAT06&state=IBAT06-2 is a valid link
Jan 28,2022 11:47:03 [info]  https://api.myinfo.gov.sg/com/v3/authorise?client_id=PROD-201224747C-SCB-MYWAY&authmode=SINGPASS&purpose=opening%20SC%20Investment%20Account%28s%29%20%26%20e%24aver%20account&response_type=code&attributes=name,hanyupinyinname,aliasname,hanyupinyinaliasname,marriedname,sex,nationality,dob,birthcountry,regadd,noa-basic,email,mobileno,homeno,edulevel,employment&state=%20IBAT06%2D1&redirect_uri=https%3A%2F%2Fwww.sc.com%2Fglobal%2Fav%2Fforms%2Fd1%2Fmyinfo%2Fcasa_callback.html%3Fpt%3Des&subChanCode=IBAT06&state=IBAT06-1 is a broken link
Jan 28,2022 11:47:03 [info]  https://retail.sc.com/sg/nfs/login.htm?invest=out&_ga&subChanCode=IBAT06&state=IBAT06-1 is a valid link
Jan 28,2022 11:47:03 [info]  https://www.sc.com/sg/credit-cards/smart-credit-card/ is a valid link
Jan 28,2022 11:47:03 [info]  https://www.sc.com/sg/credit-cards/unlimited-cashback-credit-card/ is a valid link
Jan 28,2022 11:47:03 [info]  https://www.sc.com/sg/credit-cards/rewards-plus-credit-card/ is a valid link
Jan 28,2022 11:47:03 [info]  https://www.sc.com/sg/credit-cards/spree-credit-card/ is a valid link
Jan 28,2022 11:47:03 [info]  https://www.sc.com/sg/credit-cards/visa-infinite-card/ is a valid link
Jan 28,2022 11:47:04 [info]  https://www.sc.com/sg/credit-cards/prudential-platinum-card/ is a valid link
Jan 28,2022 11:47:04 [info]  https://www.sc.com/sg/credit-cards/platinum-visa-mastercard-credit-card/ is a valid link
Jan 28,2022 11:47:05 [info]  https://www.sc.com/sg/credit-cards/prudential-visa-signature-card/ is a valid link
Jan 28,2022 11:47:05 [info]  https://www.sc.com/sg/credit-cards/nus-alumni-platinum-card/ is a valid link
Jan 28,2022 11:47:06 [info]  https://www.sc.com/sg/credit-cards/business-platinum-card/ is a valid link
Jan 28,2022 11:47:06 [info]  https://www.sc.com/sg/credit-cards/priority-visa-infinite-card/ is a valid link
Jan 28,2022 11:47:06 [info]  https://www.sc.com/sg/credit-cards/manhattan-world-mastercard/ is a valid link
Jan 28,2022 11:47:06 [info]  https://www.sc.com/sg/credit-cards/manhattan-500-card/ is a valid link
Jan 28,2022 11:47:06 [info]  https://www.sc.com/sg/credit-cards/x-card/ is a valid link
Jan 28,2022 11:47:06 [info]  https://www.sc.com/sg/credit-cards/#sc-lb-module-product-features is a valid link
Jan 28,2022 11:47:07 [info]  https://www.sc.com/sg/bank-with-us/manage-your-finances/easybill/ is a valid link
Jan 28,2022 11:47:07 [info]  https://origination.sc.com/onboarding/sg/apply.html?product=340&campaign=CLI001&aggregator_code=IB03&aggregator_type=Others&aggregator_instance=Organic is a valid link
Jan 28,2022 11:47:08 [info]  https://www.sc.com/sg/bank-with-us/manage-your-finances/temporary-credit-limit-increase/ is a valid link
Jan 28,2022 11:47:08 [info]  https://www.sc.com/sg/bank-with-us/manage-your-finances/funds-transfer/ is a valid link
Jan 28,2022 11:47:09 [info]  https://www.sc.com/sg/bank-with-us/manage-your-finances/easypay/ is a valid link
Jan 28,2022 11:47:09 [info]  https://www.sc.com/sg/bank-with-us/credit-card-payments/ is a valid link
Jan 28,2022 11:47:09 [info]  https://www.sc.com/sg/bank-with-us/manage-your-finances/zero-instalment/ is a valid link
Jan 28,2022 11:47:09 [info]  https://www.sc.com/sg/promotions/the-good-life-privileges/ is a valid link
Jan 28,2022 11:47:09 [info]  https://www.sc.com/sg/bank-with-us/manage-your-payments/ is a valid link
Jan 28,2022 11:47:10 [info]  https://www.sc.com/sg/bank-with-us/manage-your-payments/ is a valid link
Jan 28,2022 11:47:10 [info]  https://www.sc.com/sg/bank-with-us/security/cardsafe-guarantee/ is a valid link
Jan 28,2022 11:47:10 [info]  https://www.sc.com/sg/sitemap/ is a valid link
Jan 28,2022 11:47:10 [info]  https://www.sc.com/sg/about-us/ is a valid link
Jan 28,2022 11:47:10 [info]  https://www.sc.com/sg/bank-with-us/ is a valid link
Jan 28,2022 11:47:10 [info]  https://www.sc.com/sg/atm-branch-locator/ is a valid link
Jan 28,2022 11:47:10 [info]  https://www.sc.com/sg/help/ is a valid link
Jan 28,2022 11:47:10 [info]  https://www.sc.com/sg/help/#faq is a valid link
Jan 28,2022 11:47:11 [info]  https://av.sc.com/sg/content/docs/sg-scb-pricing-guide.pdf is a valid link
Jan 28,2022 11:47:11 [info]  https://www.sc.com/sg/help/forms/ is a valid link
Jan 28,2022 11:47:11 [info]  https://www.sc.com/retail/mce/index.html#/landing?lang=en&ctry=SG&channel=PLRB&sapp=PUB is a valid link
Jan 28,2022 11:47:11 [info]  https://www.sc.com/en/investors/ is a valid link
Jan 28,2022 11:47:12 [info]  http://www.standardchartered.com/en/learning-resources/global-research.html is a valid link
Jan 28,2022 11:47:12 [info]  https://www.sc.com/sg/news-media/ is a valid link
Jan 28,2022 11:47:12 [info]  https://www.sc.com/sg/about-us/awards-achievements/ is a valid link
Jan 28,2022 11:47:13 [info]  https://www.sc.com/en/careers/ is a valid link
Jan 28,2022 11:47:13 [info]  https://www.sc.com/en/ is a valid link
Jan 28,2022 11:47:16 [info]  https://www.intouchfeedback.com/speakingup/ is a valid link
Jan 28,2022 11:47:16 [info]  https://www.sc.com/en/about/fighting-financial-crime/#fighting-fraud is a valid link
Jan 28,2022 11:47:16 [info]  https://www.sc.com/global/security-tips/ is a valid link
Jan 28,2022 11:47:16 [info]  https://www.sc.com/protecting-our-clients/ is a valid link
Jan 28,2022 11:47:17 [info]  https://www.sc.com/sg/cookie-policy/ is a valid link
Jan 28,2022 11:47:18 [info]  http://www.standardchartered.com/sustainability/en/index.html is a valid link
Jan 28,2022 11:47:18 [info]  https://www.sc.com/sg/privacy/ is a valid link
Jan 28,2022 11:47:18 [info]  https://www.sc.com/sg/terms-and-conditions/ is a valid link
Jan 28,2022 11:47:18 [info]  https://www.sc.com/sg/about-us/ is a valid link
Jan 28,2022 11:47:18 [info]  https://www.sc.com/sg/bank-with-us/ is a valid link
Jan 28,2022 11:47:19 [info]  https://www.sc.com/sg/atm-branch-locator/ is a valid link
Jan 28,2022 11:47:19 [info]  https://www.sc.com/sg/help/ is a valid link
Jan 28,2022 11:47:19 [info]  https://www.sc.com/sg/help/#faq is a valid link
Jan 28,2022 11:47:19 [info]  https://av.sc.com/sg/content/docs/sg-scb-pricing-guide.pdf is a valid link
Jan 28,2022 11:47:19 [info]  https://www.sc.com/sg/help/forms/ is a valid link
Jan 28,2022 11:47:19 [info]  https://www.sc.com/retail/mce/index.html#/landing?lang=en&ctry=SG&channel=PLRB&sapp=PUB is a valid link
Jan 28,2022 11:47:19 [info]  https://www.sc.com/en/investors/ is a valid link
Jan 28,2022 11:47:20 [info]  http://www.standardchartered.com/en/learning-resources/global-research.html is a valid link
Jan 28,2022 11:47:20 [info]  https://www.sc.com/sg/news-media/ is a valid link
Jan 28,2022 11:47:20 [info]  https://www.sc.com/sg/about-us/awards-achievements/ is a valid link
Jan 28,2022 11:47:20 [info]  https://www.sc.com/en/careers/ is a valid link
Jan 28,2022 11:47:22 [info]  https://www.intouchfeedback.com/speakingup/ is a valid link
Jan 28,2022 11:47:22 [info]  https://www.sc.com/en/about/fighting-financial-crime/#fighting-fraud is a valid link
Jan 28,2022 11:47:22 [info]  https://www.sc.com/global/security-tips/ is a valid link
Jan 28,2022 11:47:22 [info]  https://www.sc.com/protecting-our-clients/ is a valid link
Jan 28,2022 11:47:22 [info]  https://www.sc.com/sg/cookie-policy/ is a valid link
Jan 28,2022 11:47:24 [info]  http://www.standardchartered.com/sustainability/en/index.html is a valid link
Jan 28,2022 11:47:24 [info]  https://www.sc.com/sg/privacy/ is a valid link
Jan 28,2022 11:47:24 [info]  https://www.sc.com/sg/terms-and-conditions/ is a valid link
Jan 28,2022 11:47:25 [info]  https://www.facebook.com/Standardcharteredsg/ is a valid link
Jan 28,2022 11:47:25 [info]  https://twitter.com/StanChart is a valid link
Jan 28,2022 11:47:26 [info]  https://www.linkedin.com/company/standard-chartered-bank/ is a broken link]]>
  </system-out>
  <testcase classname="ParentClass" name="brokenImagesCheck" time="12.768"/>
  <system-out>
    <![CDATA[Jan 28,2022 11:47:32 [info]  There are 44 image url to be verified for broken images
Jan 28,2022 11:47:32 [info]  https://av.sc.com/sg/content/images/bonus-promo.jpg is a valid image
Jan 28,2022 11:47:32 [info]  https://av.sc.com/sg/content/images/sg-smart-credit-card-440x280-1.jpg is a valid image
Jan 28,2022 11:47:32 [info]  https://av.sc.com/sg/content/images/unlimited-cashback-card-1014x640.png is a valid image
Jan 28,2022 11:47:32 [info]  https://av.sc.com/sg/content/images/rewards-plus-440x-280.png is a valid image
Jan 28,2022 11:47:32 [info]  https://av.sc.com/sg/content/images/visa-infinite-credit-card-440x280.png is a valid image
Jan 28,2022 11:47:33 [info]  https://av.sc.com/sg/content/images/sg-priority-visa-infinite-440-280.png is a valid image
Jan 28,2022 11:47:33 [info]  https://av.sc.com/sg/content/images/X-card-440x280.png is a valid image
Jan 28,2022 11:47:33 [info]  https://av.sc.com/sg/content/images/sg-sapl-nav-290x-150y.jpg is a valid image
Jan 28,2022 11:47:33 [info]  https://av.sc.com/sg/content/images/sg-cashone-nav-350x-155y.jpg is a valid image
Jan 28,2022 11:47:33 [info]  https://av.sc.com/sg/content/images/SG_promotion_Podcast_300-x-200.jpg is a valid image
Jan 28,2022 11:47:33 [info]  https://av.sc.com/sg/content/images/sg-allianz-motor-protect-product-tile-300x150y.jpg is a valid image
Jan 28,2022 11:47:33 [info]  https://av.sc.com/sg/content/images/services-mobile.png is a valid image
Jan 28,2022 11:47:33 [info]  https://av.sc.com/sg/content/images/sg-smart-card-masthead-1600x-490y.jpg is a valid image
Jan 28,2022 11:47:33 [info]  https://av.sc.com/sg/content/images/sg-smart-card-masthead-mob-new-1200x-300y.png is a valid image
Jan 28,2022 11:47:33 [info]  https://av.sc.com/sg/content/images/sg-smart-card-pintile-400x400-1.jpeg is a valid image
Jan 28,2022 11:47:33 [info]  https://av.sc.com/sg/content/images/sg-fros-pintile-400x-400y.jpg is a valid image
Jan 28,2022 11:47:33 [info]  https://av.sc.com/sg/content/images/sg-new-insurance-masthead-1600x490-1.jpg is a valid image
Jan 28,2022 11:47:33 [info]  https://av.sc.com/sg/content/images/sg-sustainable-investing-masthead-550x200-1.jpeg is a valid image
Jan 28,2022 11:47:33 [info]  https://av.sc.com/sg/content/images/cashone-550x220px.jpg is a valid image
Jan 28,2022 11:47:33 [info]  https://av.sc.com/assets/global/images/modules/sc-remit/blank.gif is a valid image
Jan 28,2022 11:47:33 [info]  https://av.sc.com/assets/global/images/modules/sc-remit/blank.gif is a valid image
Jan 28,2022 11:47:33 [info]  https://av.sc.com/assets/global/images/modules/sc-remit/blank.gif is a valid image
Jan 28,2022 11:47:33 [info]  https://av.sc.com/assets/global/images/modules/sc-remit/blank.gif is a valid image
Jan 28,2022 11:47:33 [info]  https://av.sc.com/assets/global/images/modules/sc-remit/blank.gif is a valid image
Jan 28,2022 11:47:33 [info]  https://av.sc.com/assets/global/images/modules/sc-remit/blank.gif is a valid image
Jan 28,2022 11:47:33 [info]  https://av.sc.com/assets/global/images/modules/sc-remit/blank.gif is a valid image
Jan 28,2022 11:47:33 [info]  https://av.sc.com/assets/global/images/modules/sc-remit/blank.gif is a valid image
Jan 28,2022 11:47:33 [info]  https://av.sc.com/assets/global/images/modules/sc-remit/blank.gif is a valid image
Jan 28,2022 11:47:33 [info]  https://av.sc.com/assets/global/images/modules/sc-remit/blank.gif is a valid image
Jan 28,2022 11:47:34 [info]  https://av.sc.com/assets/global/images/modules/sc-remit/blank.gif is a valid image
Jan 28,2022 11:47:34 [info]  https://av.sc.com/assets/global/images/modules/sc-remit/blank.gif is a valid image
Jan 28,2022 11:47:34 [info]  https://av.sc.com/sg/content/images/charges-dark@2x.png is a valid image
Jan 28,2022 11:47:34 [info]  https://av.sc.com/sg/content/images/delivery-dark@2x.png is a valid image
Jan 28,2022 11:47:34 [info]  https://av.sc.com/sg/content/images/Digital_SCPRB37219_Website-Refresh_103726_V3-600x600.jpg is a valid image
Jan 28,2022 11:47:34 [info]  https://av.sc.com/sg/content/images/private-sg-segment.png is a valid image
Jan 28,2022 11:47:34 [info]  https://av.sc.com/sg/content/images/privatebanking-600x600.png is a valid image
Jan 28,2022 11:47:34 [info]  https://av.sc.com/sg/content/images/sg-home-page-wealth-pin-tile.png is a valid image
Jan 28,2022 11:47:34 [info]  https://av.sc.com/sg/content/images/retail_personal-1-600x600.jpg is a valid image
Jan 28,2022 11:47:34 [info]  https://av.sc.com/sg/content/images/IB-waterDrop-tile.jpg is a valid image
Jan 28,2022 11:47:34 [info]  https://av.sc.com/sg/content/images/business_product1600x1600-600x600.jpg is a valid image
Jan 28,2022 11:47:34 [info]  https://av.sc.com/sg/content/images/I-GRP4091s-2-600x600.jpg is a valid image
Jan 28,2022 11:47:34 [info]  https://av.sc.com/sg/content/images/segments_06.png is a valid image
Jan 28,2022 11:47:34 [info]  https://av.sc.com/sg/content/images/sg-market-view-on-the-go.png is a valid image
Jan 28,2022 11:47:34 [info]  https://av.sc.com/sg/content/images/sg-rtob-casa-900X490-kv.jpg is a valid image
Jan 28,2022 11:47:37 [info]  There are 27 image url to be verified for broken images
Jan 28,2022 11:47:38 [info]  https://av.sc.com/sg/content/images/bonus-promo.jpg is a valid image
Jan 28,2022 11:47:38 [info]  https://av.sc.com/sg/content/images/sg-smart-credit-card-440x280-1.jpg is a valid image
Jan 28,2022 11:47:38 [info]  https://av.sc.com/sg/content/images/unlimited-cashback-card-1014x640.png is a valid image
Jan 28,2022 11:47:38 [info]  https://av.sc.com/sg/content/images/rewards-plus-440x-280.png is a valid image
Jan 28,2022 11:47:38 [info]  https://av.sc.com/sg/content/images/visa-infinite-credit-card-440x280.png is a valid image
Jan 28,2022 11:47:38 [info]  https://av.sc.com/sg/content/images/sg-priority-visa-infinite-440-280.png is a valid image
Jan 28,2022 11:47:38 [info]  https://av.sc.com/sg/content/images/X-card-440x280.png is a valid image
Jan 28,2022 11:47:38 [info]  https://av.sc.com/sg/content/images/sg-sapl-nav-290x-150y.jpg is a valid image
Jan 28,2022 11:47:38 [info]  https://av.sc.com/sg/content/images/sg-cashone-nav-350x-155y.jpg is a valid image
Jan 28,2022 11:47:38 [info]  https://av.sc.com/sg/content/images/SG_promotion_Podcast_300-x-200.jpg is a valid image
Jan 28,2022 11:47:38 [info]  https://av.sc.com/sg/content/images/sg-allianz-motor-protect-product-tile-300x150y.jpg is a valid image
Jan 28,2022 11:47:38 [info]  https://av.sc.com/sg/content/images/services-mobile.png is a valid image
Jan 28,2022 11:47:38 [info]  https://av.sc.com/sg/content/images/sg-disney-dec-masthead-1600x-300y.jpeg is a valid image
Jan 28,2022 11:47:38 [info]  https://av.sc.com/sg/content/images/sg-credit-card-smart-tile.jpeg is a valid image
Jan 28,2022 11:47:38 [info]  https://av.sc.com/sg/content/images/Unlimited-Cashback-Credit-Card-636x636-600x600.jpg is a valid image
Jan 28,2022 11:47:38 [info]  https://av.sc.com/sg/content/images/sg-rewards-plus-credit-card-cardface-400X400.jpg is a valid image
Jan 28,2022 11:47:38 [info]  https://av.sc.com/sg/content/images/spree_credit-card.jpg is a valid image
Jan 28,2022 11:47:38 [info]  https://av.sc.com/sg/content/images/SC-Visa-Infinite-Card-636x636-600x600.jpg is a valid image
Jan 28,2022 11:47:38 [info]  https://av.sc.com/sg/content/images/Prudential-Platinum-Card-.jpg is a valid image
Jan 28,2022 11:47:38 [info]  https://av.sc.com/sg/content/images/Platinum-VisaMastercard-Credit-Card-636x636-600x600.jpg is a valid image
Jan 28,2022 11:47:38 [info]  https://av.sc.com/sg/content/images/Prudential-Visa-Signature-Card..jpg is a valid image
Jan 28,2022 11:47:38 [info]  https://av.sc.com/sg/content/images/NUS-Alumni-Platinum-Card-636x636-600x600.jpg is a valid image
Jan 28,2022 11:47:38 [info]  https://av.sc.com/sg/content/images/Business-Platinum-Card-636x636-600x600.jpg is a valid image
Jan 28,2022 11:47:39 [info]  https://av.sc.com/sg/content/images/Priority-Visa-Infinite-Credit-Card-636x636-600x600.jpg is a valid image
Jan 28,2022 11:47:39 [info]  https://av.sc.com/sg/content/images/MANHATTAN-World-Mastercard-636x636-600x600.jpg is a valid image
Jan 28,2022 11:47:39 [info]  https://av.sc.com/sg/content/images/MANHATTAN-World-Mastercard-636x636-600x600.jpg is a valid image
Jan 28,2022 11:47:39 [info]  https://av.sc.com/sg/content/images/X_credit_card.jpg is a valid image]]>
  </system-out>
  <testcase classname="ParentClass" name="responseDimensionCheckBrokenLinks" time="249.221"/>
  <system-out>
    <![CDATA[Jan 28,2022 11:47:42 [info]  Current window has been resized to the dimension of iPhone6 Or 7 Or 8: 375*375
Jan 28,2022 11:47:45 [info]  Clicked on the hamburger menu of mobile view
Jan 28,2022 11:47:46 [info]  Menu list is visible
Jan 28,2022 11:47:46 [info]  Menu list close button is clicked
Jan 28,2022 11:47:46 [info]  Menu list is closed successfully
Jan 28,2022 11:47:46 [info]  There are 266 url to be verified for broken links
Jan 28,2022 11:47:46 [info]  https://www.sc.com/sg/priority/ is a valid link
Jan 28,2022 11:47:46 [info]  https://www.sc.com/sg/priority/priority-private/ is a valid link
Jan 28,2022 11:47:46 [info]  https://www.sc.com/sg/wealth/ is a valid link
Jan 28,2022 11:47:46 [info]  https://www.sc.com/sg/international-banking/ is a valid link
Jan 28,2022 11:47:46 [info]  https://www.sc.com/privatebank/en/ is a valid link
Jan 28,2022 11:47:46 [info]  https://www.sc.com/sg/business/ is a valid link
Jan 28,2022 11:47:47 [info]  https://www.sc.com/sg/commercial is a valid link
Jan 28,2022 11:47:47 [info]  https://www.sc.com/en/banking-services/business-banking.html is a valid link
Jan 28,2022 11:47:47 [info]  https://www.sc.com/sg/bank-with-us/mobile-banking-services/standard-chartered-mobile/ is a valid link
Jan 28,2022 11:47:47 [info]  https://www.sc.com/sg/help/ is a valid link
Jan 28,2022 11:47:47 [info]  https://www.sc.com/sg/search/ is a valid link
Jan 28,2022 11:47:47 [info]  https://www.sc.com/sg/ is a valid link
Jan 28,2022 11:47:47 [info]  https://www.sc.com/sg/ is a valid link
Jan 28,2022 11:47:47 [info]  https://www.sc.com/sg/save/current-accounts/ is a valid link
Jan 28,2022 11:47:47 [info]  https://www.sc.com/sg/save/current-accounts/bonussaver/ is a valid link
Jan 28,2022 11:47:47 [info]  https://www.sc.com/sg/save/current-accounts/supersalary/ is a valid link
Jan 28,2022 11:47:47 [info]  https://www.sc.com/sg/save/mca/ is a valid link
Jan 28,2022 11:47:47 [info]  https://www.sc.com/sg/save/savings-accounts/ is a valid link
Jan 28,2022 11:47:47 [info]  https://www.sc.com/sg/save/savings-accounts/esaver/ is a valid link
Jan 28,2022 11:47:47 [info]  https://www.sc.com/sg/save/savings-accounts/jumpstart/ is a valid link
Jan 28,2022 11:47:48 [info]  https://www.sc.com/sg/save/savings-accounts/usdsaver/ is a valid link
Jan 28,2022 11:47:48 [info]  https://www.sc.com/sg/save/time-deposits/ is a valid link
Jan 28,2022 11:47:48 [info]  https://www.sc.com/sg/save/time-deposits/sustainable-time-deposit/ is a valid link
Jan 28,2022 11:47:48 [info]  https://www.sc.com/sg/save/time-deposits/singapore-dollar-time-deposit/ is a valid link
Jan 28,2022 11:47:48 [info]  https://www.sc.com/sg/save/time-deposits/foreign-currency-time-deposits/ is a valid link
Jan 28,2022 11:47:48 [info]  https://www.sc.com/sg/promotions/casa-member-get-member/ is a valid link
Jan 28,2022 11:47:48 [info]  https://www.sc.com/sg/save/ is a valid link
Jan 28,2022 11:47:48 [info]  https://www.sc.com/sg/credit-cards/ is a valid link
Jan 28,2022 11:47:48 [info]  https://www.sc.com/sg/credit-cards/smart-credit-card/ is a valid link
Jan 28,2022 11:47:48 [info]  https://www.sc.com/sg/credit-cards/smart-credit-card/ is a valid link
Jan 28,2022 11:47:48 [info]  https://www.sc.com/sg/credit-cards/unlimited-cashback-credit-card/ is a valid link
Jan 28,2022 11:47:48 [info]  https://www.sc.com/sg/credit-cards/unlimited-cashback-credit-card/ is a valid link
Jan 28,2022 11:47:48 [info]  https://www.sc.com/sg/credit-cards/rewards-plus-credit-card/ is a valid link
Jan 28,2022 11:47:48 [info]  https://www.sc.com/sg/credit-cards/rewards-plus-credit-card/ is a valid link
Jan 28,2022 11:47:48 [info]  https://www.sc.com/sg/credit-cards/visa-infinite-card/ is a valid link
Jan 28,2022 11:47:48 [info]  https://www.sc.com/sg/credit-cards/visa-infinite-card/ is a valid link
Jan 28,2022 11:47:49 [info]  https://www.sc.com/sg/credit-cards/priority-visa-infinite-card/ is a valid link
Jan 28,2022 11:47:49 [info]  https://www.sc.com/sg/credit-cards/priority-visa-infinite-card/ is a valid link
Jan 28,2022 11:47:49 [info]  https://www.sc.com/sg/credit-cards/x-card/ is a valid link
Jan 28,2022 11:47:49 [info]  https://www.sc.com/sg/credit-cards/x-card/ is a valid link
Jan 28,2022 11:47:49 [info]  https://www.sc.com/sg/bank-with-us/ is a valid link
Jan 28,2022 11:47:49 [info]  https://www.sc.com/sg/promotions/instant/ is a valid link
Jan 28,2022 11:47:49 [info]  https://www.sc.com/sg/bank-with-us/service-requests/card-activation-pin-set/ is a valid link
Jan 28,2022 11:47:49 [info]  https://www.sc.com/sg/bank-with-us/online-banking-services/online-estatements/ is a valid link
Jan 28,2022 11:47:49 [info]  https://www.sc.com/sg/bank-with-us/manage-your-finances/ is a valid link
Jan 28,2022 11:47:50 [info]  https://www.sc.com/sg/sapl is a valid link
Jan 28,2022 11:47:50 [info]  https://www.sc.com/sg/credit-cards/ is a valid link
Jan 28,2022 11:47:50 [info]  https://www.sc.com/sg/borrow/loans/ is a valid link
Jan 28,2022 11:47:50 [info]  https://www.sc.com/sg/borrow/loans/cashone/ is a valid link
Jan 28,2022 11:47:50 [info]  https://www.sc.com/sg/borrow/loans/ is a valid link
Jan 28,2022 11:47:50 [info]  https://www.sc.com/sg/borrow/loans/balance-transfer/ is a valid link
Jan 28,2022 11:47:50 [info]  https://www.sc.com/sg/borrow/loans/ is a valid link
Jan 28,2022 11:47:50 [info]  https://www.sc.com/sg/borrow/loans/debt-consolidation/ is a valid link
Jan 28,2022 11:47:50 [info]  https://www.sc.com/sg/borrow/loans/debt-consolidation-refinance/ is a valid link
Jan 28,2022 11:47:50 [info]  https://www.sc.com/sg/borrow/loans/ is a valid link
Jan 28,2022 11:47:50 [info]  https://www.sc.com/sg/borrow/loans/auto-financing/ is a valid link
Jan 28,2022 11:47:50 [info]  https://www.sc.com/sg/borrow/mortgages/ is a valid link
Jan 28,2022 11:47:50 [info]  https://www.sc.com/sg/borrow/mortgages/mortgageone/ is a valid link
Jan 28,2022 11:47:50 [info]  https://www.sc.com/sg/borrow/mortgages/home-suite/ is a valid link
Jan 28,2022 11:47:50 [info]  https://www.sc.com/sg/borrow/mortgages/green-mortgage/ is a valid link
Jan 28,2022 11:47:50 [info]  https://www.sc.com/sg/important-information/sor-transition-to-sora-faqs/ is a valid link
Jan 28,2022 11:47:50 [info]  https://www.sc.com/sg/borrow/loans/cashone/ is a valid link
Jan 28,2022 11:47:50 [info]  https://www.sc.com/sg/borrow/ is a valid link
Jan 28,2022 11:47:50 [info]  https://www.sc.com/sg/wealth/investment/ is a valid link
Jan 28,2022 11:47:50 [info]  https://www.sc.com/sg/wealth/investment/unit-trusts/ is a valid link
Jan 28,2022 11:47:50 [info]  https://www.sc.com/sg/wealth/investment/online-trading/ is a valid link
Jan 28,2022 11:47:51 [info]  https://www.sc.com/sg/wealth/investment/livefx/ is a valid link
Jan 28,2022 11:47:51 [info]  https://www.sc.com/sg/wealth/sc-goals-planner/ is a valid link
Jan 28,2022 11:47:51 [info]  https://sc-onlineut-morningstar.nw-cloud.com/ is a valid link
Jan 28,2022 11:47:51 [info]  https://www.sc.com/sg/wealth/wealth-connect/ is a valid link
Jan 28,2022 11:47:51 [info]  https://www.sc.com/sg/wealth/ is a valid link
Jan 28,2022 11:47:51 [info]  https://www.sc.com/retail/mce/index.html?#/landing?lang=en&ctry=SG&channel=PLRB&sapp=PUB&requestId=8b5585b9-ac43-4cf8-806a-628426c8caec is a valid link
Jan 28,2022 11:47:51 [info]  https://www.sc.com/sg/articles/2018-psb-market-market-outlook-and-insights-webinar/ is a valid link
Jan 28,2022 11:47:51 [info]  https://www.sc.com/sg/wealth/insights/ is a valid link
Jan 28,2022 11:47:53 [info]  https://feeds.buzzsprout.com/1662247.rss/ is a valid link
Jan 28,2022 11:47:53 [info]  https://www.sc.com/sg/wealth/ is a valid link
Jan 28,2022 11:47:53 [info]  https://www.sc.com/sg/insurance/health-accident/ is a valid link
Jan 28,2022 11:47:53 [info]  https://www.sc.com/sg/insurance/health-insurance/ is a valid link
Jan 28,2022 11:47:53 [info]  https://www.sc.com/sg/insurance/health-accident/ is a valid link
Jan 28,2022 11:47:53 [info]  https://www.sc.com/sg/insurance/critical-illness/ is a valid link
Jan 28,2022 11:47:53 [info]  https://www.sc.com/sg/insurance/travel-home-car/ is a valid link
Jan 28,2022 11:47:53 [info]  https://www.sc.com/sg/insurance/allianz-home-protect/ is a valid link
Jan 28,2022 11:47:53 [info]  https://www.sc.com/sg/insurance/az-motor-protect/ is a valid link
Jan 28,2022 11:47:53 [info]  https://www.sc.com/sg/insurance/az-motor-protect/ is a valid link
Jan 28,2022 11:47:53 [info]  https://www.sc.com/sg/insurance/ is a valid link
Jan 28,2022 11:47:53 [info]  https://www.sc.com/sg/bank-with-us/online-banking/ is a valid link
Jan 28,2022 11:47:53 [info]  https://www.sc.com/sg/business-channels-access/straight2bank/ is a valid link
Jan 28,2022 11:47:53 [info]  https://www.sc.com/sg/rewards-programmes/ is a valid link
Jan 28,2022 11:47:54 [info]  https://www.sc.com/sg/pricing-guide/ is a valid link
Jan 28,2022 11:47:54 [info]  https://www.sc.com/sg/help/forms/ is a valid link
Jan 28,2022 11:47:54 [info]  https://www.sc.com/sg/help/contact-us/ is a valid link
Jan 28,2022 11:47:54 [info]  https://www.sc.com/sg/help/lost-card/ is a valid link
Jan 28,2022 11:47:54 [info]  https://www.sc.com/sg/help/activate-card/ is a valid link
Jan 28,2022 11:47:54 [info]  https://www.sc.com/sg/bank-with-us/online-banking/alerts-and-notifications/ is a valid link
Jan 28,2022 11:47:54 [info]  https://www.sc.com/sg/bank-with-us/remittance/ is a valid link
Jan 28,2022 11:47:54 [info]  https://www.sc.com/sg/bank-with-us/manage-your-finances/ is a valid link
Jan 28,2022 11:47:54 [info]  https://www.sc.com/sg/bank-with-us/manage-your-payments/ is a valid link
Jan 28,2022 11:47:54 [info]  https://www.sc.com/sg/bank-with-us/mobile-banking-services/standard-chartered-mobile/ is a valid link
Jan 28,2022 11:47:54 [info]  https://www.sc.com/sg/bank-with-us/ is a valid link
Jan 28,2022 11:47:54 [info]  https://www.sc.com/sg/bank-with-us/mobile-banking-services/standard-chartered-mobile/ is a valid link
Jan 28,2022 11:47:54 [info]  https://www.sc.com/sg/help/ is a valid link
Jan 28,2022 11:47:54 [info]  https://www.sc.com/sg/search/ is a valid link
Jan 28,2022 11:47:54 [info]  https://www.sc.com/sg/borrow/loans/cashone/?reference_id=IBNOF_OTH_PL is a valid link
Jan 28,2022 11:47:54 [info]  https://www.sc.com/sg/borrow/loans/cashone/?reference_id=IBNOF_OTH_PL is a valid link
Jan 28,2022 11:47:54 [info]  https://www.sc.com/sg/borrow/loans/cashone/?reference_id=IBNOF_OTH_PL is a valid link
Jan 28,2022 11:47:54 [info]  https://www.sc.com/sg/shop-anywhere-pay-later/?reference_id=IBNOF-OTH-SAPL is a valid link
Jan 28,2022 11:47:54 [info]  https://www.sc.com/sg/shop-anywhere-pay-later/?reference_id=IBNOF-OTH-SAPL is a valid link
Jan 28,2022 11:47:54 [info]  https://www.sc.com/sg/shop-anywhere-pay-later/?reference_id=IBNOF-OTH-SAPL is a valid link
Jan 28,2022 11:47:54 [info]  https://www.sc.com/sg/wealth/investment/online-trading/?reference_id=IBNOF-OTH-OT is a valid link
Jan 28,2022 11:47:55 [info]  https://www.sc.com/sg/wealth/investment/online-trading/?reference_id=IBNOF-OTH-OT is a valid link
Jan 28,2022 11:47:55 [info]  https://www.sc.com/sg/wealth/investment/online-trading/?reference_id=IBNOF-OTH-OT is a valid link
Jan 28,2022 11:47:55 [info]  https://www.sc.com/sg/save/?subchancode=IBOA is a valid link
Jan 28,2022 11:47:56 [info]  https://ibank.standardchartered.com.sg/nfs/login.htm?&_ga=2.55342635.1250817750.1612628392-585638684.1569585475 is a valid link
Jan 28,2022 11:47:57 [info]  https://www.sc.com/nfs/orr/foa/view_reward_home.htm?ctry=SG&lang=en_SG is a broken link
Jan 28,2022 11:47:57 [info]  https://s2b.standardchartered.com/ssoapp/login.jsp is a valid link
Jan 28,2022 11:47:57 [info]  https://www.sc.com/ao/ is a valid link
Jan 28,2022 11:47:57 [info]  https://www.sc.com/ar-en/ is a valid link
Jan 28,2022 11:47:57 [info]  https://www.sc.com/au/ is a valid link
Jan 28,2022 11:47:57 [info]  https://www.sc.com/bh/ is a valid link
Jan 28,2022 11:47:57 [info]  https://www.sc.com/bd/ is a valid link
Jan 28,2022 11:47:57 [info]  https://www.sc.com/bw/ is a valid link
Jan 28,2022 11:47:57 [info]  https://www.sc.com/br-en/ is a valid link
Jan 28,2022 11:47:58 [info]  https://www.sc.com/bn/en/ is a valid link
Jan 28,2022 11:47:58 [info]  https://www.sc.com/kh/ is a valid link
Jan 28,2022 11:47:58 [info]  https://www.sc.com/cm/ is a valid link
Jan 28,2022 11:47:58 [info]  https://www.sc.com/ar-en/ is a valid link
Jan 28,2022 11:47:58 [info]  https://www.sc.com/cn/ is a valid link
Jan 28,2022 11:47:58 [info]  https://www.sc.com/co-en/ is a valid link
Jan 28,2022 11:47:58 [info]  https://www.sc.com/ci/ is a valid link
Jan 28,2022 11:47:58 [info]  https://www.sc.com/fk/ is a valid link
Jan 28,2022 11:47:58 [info]  https://www.sc.com/fr-en/ is a valid link
Jan 28,2022 11:47:58 [info]  https://www.sc.com/de-en/ is a valid link
Jan 28,2022 11:47:58 [info]  https://www.sc.com/gh/ is a valid link
Jan 28,2022 11:47:58 [info]  https://www.sc.com/hk/ is a valid link
Jan 28,2022 11:47:58 [info]  https://www.sc.com/in/ is a valid link
Jan 28,2022 11:47:58 [info]  https://www.sc.com/id/en/ is a valid link
Jan 28,2022 11:47:58 [info]  https://www.sc.com/ie/ is a valid link
Jan 28,2022 11:47:59 [info]  https://www.sc.com/it/en/ is a valid link
Jan 28,2022 11:47:59 [info]  https://www.sc.com/jp/ is a valid link
Jan 28,2022 11:47:59 [info]  https://www.sc.com/je/ is a valid link
Jan 28,2022 11:47:59 [info]  https://www.sc.com/jo/ is a valid link
Jan 28,2022 11:47:59 [info]  https://www.sc.com/ke/ is a valid link
Jan 28,2022 11:47:59 [info]  https://www.sc.com/la/ is a valid link
Jan 28,2022 11:47:59 [info]  https://www.sc.com/lb/ is a valid link
Jan 28,2022 11:47:59 [info]  https://www.sc.com/mo/ is a valid link
Jan 28,2022 11:47:59 [info]  https://www.sc.com/my/ is a valid link
Jan 28,2022 11:47:59 [info]  https://www.sc.com/mu/ is a valid link
Jan 28,2022 11:47:59 [info]  https://www.sc.com/us/ is a valid link
Jan 28,2022 11:47:59 [info]  https://www.sc.com/en/contact-us/ is a valid link
Jan 28,2022 11:47:59 [info]  https://www.sc.com/np/ is a valid link
Jan 28,2022 11:47:59 [info]  https://www.sc.com/ng/ is a valid link
Jan 28,2022 11:47:59 [info]  https://www.sc.com/om-en/ is a valid link
Jan 28,2022 11:47:59 [info]  https://www.sc.com/pk/ is a valid link
Jan 28,2022 11:47:59 [info]  https://www.sc.com/co-en/ is a valid link
Jan 28,2022 11:48:00 [info]  https://www.sc.com/ph/ is a valid link
Jan 28,2022 11:48:00 [info]  https://www.sc.com/qa/ is a valid link
Jan 28,2022 11:48:00 [info]  https://www.sc.com/sg/ is a valid link
Jan 28,2022 11:48:00 [info]  https://www.sc.com/sl/ is a valid link
Jan 28,2022 11:48:00 [info]  https://www.sc.com/za/ is a valid link
Jan 28,2022 11:48:01 [info]  https://www.standardchartered.co.kr/np/kr/Intro.jsp is a valid link
Jan 28,2022 11:48:02 [info]  https://www.sc.com/lk/ is a valid link
Jan 28,2022 11:48:02 [info]  https://www.sc.com/se/ is a valid link
Jan 28,2022 11:48:02 [info]  https://www.sc.com/tw/ is a valid link
Jan 28,2022 11:48:02 [info]  https://www.sc.com/tz/ is a valid link
Jan 28,2022 11:48:02 [info]  https://www.sc.com/th-en/ is a valid link
Jan 28,2022 11:48:02 [info]  https://www.sc.com/gm/ is a valid link
Jan 28,2022 11:48:02 [info]  https://www.sc.com/tr-en/ is a valid link
Jan 28,2022 11:48:02 [info]  https://www.sc.com/ug/ is a valid link
Jan 28,2022 11:48:02 [info]  https://www.sc.com/ae/ is a valid link
Jan 28,2022 11:48:02 [info]  https://www.sc.com/uk/ is a valid link
Jan 28,2022 11:48:02 [info]  https://www.sc.com/us/ is a valid link
Jan 28,2022 11:48:02 [info]  https://www.sc.com/vn/en/ is a valid link
Jan 28,2022 11:48:02 [info]  https://www.sc.com/zm/ is a valid link
Jan 28,2022 11:48:02 [info]  https://www.sc.com/zw/ is a valid link
Jan 28,2022 11:48:02 [info]  https://www.sc.com/sg is a valid link
Jan 28,2022 11:48:02 [info]  https://www.sc.com/sg is a valid link
Jan 28,2022 11:48:02 [info]  https://www.sc.com/sg/# is a valid link
Jan 28,2022 11:48:03 [info]  https://api.myinfo.gov.sg/com/v3/authorise?subChanCode=iboa&pid=cc_ourproducts_svt&client_id=PROD-201224747C-SCB-MYWAY&authmode=SINGPASS&purpose=opening%20SC%20Investment%20Account%28s%29%20%26%20e%24aver%20account&response_type=code&attributes=name,hanyupinyinname,aliasname,hanyupinyinaliasname,marriedname,sex,nationality,dob,birthcountry,regadd,noa-basic,email,mobileno,homeno,edulevel,employment&state=IB03%2D2&redirect_uri=https%3A%2F%2Fwww.sc.com%2Fglobal%2Fav%2Fforms%2Fd1%2Fmyinfo%2Fcasa_callback.html%3Fpt%3Des&subChanCode=IBAT06&state=IBAT06-2 is a broken link
Jan 28,2022 11:48:03 [info]  https://retail.sc.com/sg/nfs/login.htm?invest=scot&instance=&referID=&subChanCode=IBAT06&state=IBAT06-2 is a valid link
Jan 28,2022 11:48:03 [info]  https://api.myinfo.gov.sg/com/v3/authorise?client_id=PROD-201224747C-SCB-MYWAY&authmode=SINGPASS&purpose=opening%20SC%20Investment%20Account%28s%29%20%26%20e%24aver%20account&response_type=code&attributes=name,hanyupinyinname,aliasname,hanyupinyinaliasname,marriedname,sex,nationality,dob,birthcountry,regadd,noa-basic,email,mobileno,homeno,edulevel,employment&state=%20IBAT06%2D1&redirect_uri=https%3A%2F%2Fwww.sc.com%2Fglobal%2Fav%2Fforms%2Fd1%2Fmyinfo%2Fcasa_callback.html%3Fpt%3Des&subChanCode=IBAT06&state=IBAT06-1 is a broken link
Jan 28,2022 11:48:03 [info]  https://retail.sc.com/sg/nfs/login.htm?invest=out&_ga&subChanCode=IBAT06&state=IBAT06-1 is a valid link
Jan 28,2022 11:48:03 [info]  https://www.sc.com/sg/credit-cards/smart-credit-card/?referID=CHeroBanner&intcid=xt-hero-general-banner is a valid link
Jan 28,2022 11:48:03 [info]  https://www.sc.com/sg/credit-cards/smart-credit-card/?referID=CHeroBanner&intcid=xt-hero-general-banner is a valid link
Jan 28,2022 11:48:03 [info]  https://www.sc.com/sg/promotions/?intcid=quicklinks-1_may31-sg-promotions&subchancode=IBA4 is a valid link
Jan 28,2022 11:48:04 [info]  https://www.sc.com/sg/borrow/loans/cashone/?subChanCode=IBA4 is a valid link
Jan 28,2022 11:48:04 [info]  https://www.sc.com/sg/credit-cards/smart-credit-card/?subchancode=IBA4 is a valid link
Jan 28,2022 11:48:04 [info]  https://www.sc.com/sg/save/current-accounts/bonussaver/?subChanCode=IBA4 is a valid link
Jan 28,2022 11:48:04 [info]  https://www.sc.com/sg/wealth/investment/online-trading/?subChanCode=IBA4&state=IBAT07-2 is a valid link
Jan 28,2022 11:48:04 [info]  https://www.sc.com/sg/cybersecurity/ is a valid link
Jan 28,2022 11:48:04 [info]  https://www.sc.com/sg/credit-cards/smart-credit-card/?referID=CHeroBanner&intcid=xt-hero-general-tile-1 is a valid link
Jan 28,2022 11:48:04 [info]  https://www.sc.com/sg/promotions/frosjourney/?referID=CHeroBanner&intcid=xt-hero-general-tile-2 is a valid link
Jan 28,2022 11:48:04 [info]  https://www.sc.com/sg/insurance/?referID=CHeroBanner&intcid=xt-hero-general-tile-3 is a valid link
Jan 28,2022 11:48:04 [info]  https://www.sc.com/sg/wealth/sustainable-investing/?referID=CHeroBanner&intcid=xt-hero-general-tile-4 is a valid link
Jan 28,2022 11:48:04 [info]  https://www.sc.com/sg/borrow/loans/cashone/?referID=CHeroBanner&intcid=xt-hero-general-tile-5 is a valid link
Jan 28,2022 11:48:04 [info]  https://www.sc.com/sg/promotions/mgm-referral-programme-scremit/?instance=ibpc_scremit_hp is a valid link
Jan 28,2022 11:48:04 [info]  https://www.sc.com/sg/#banking-for-individuals is a valid link
Jan 28,2022 11:48:04 [info]  https://www.sc.com/sg/priority/ is a valid link
Jan 28,2022 11:48:04 [info]  https://www.sc.com/sg/priority/priority-private is a valid link
Jan 28,2022 11:48:04 [info]  https://www.sc.com/privatebank/en/ is a valid link
Jan 28,2022 11:48:05 [info]  https://www.sc.com/sg/wealth-management/ is a valid link
Jan 28,2022 11:48:05 [info]  https://www.sc.com/sg/personal/ is a valid link
[...]
Jan 28,2022 11:57:48 [info]  Found error in logs for url "https://www.sc.com/sg/wealth/" and message : https://www.googletagmanager.com/gtm.js?id=GTM-P3BPFN7&l=dataLayer 73 Unrecognized feature: 'conversion-measurement'.
Jan 28,2022 11:57:48 [info]  Found error in logs for url "https://www.sc.com/sg/wealth/" and message : https://www.googletagmanager.com/gtm.js?id=GTM-P3BPFN7&l=dataLayer 73 Unrecognized feature: 'attribution-reporting'.
Jan 28,2022 11:57:48 [info]  Found error in logs for url "https://www.sc.com/sg/wealth/" and message : https://www.googletagmanager.com/gtm.js?id=GTM-P3BPFN7&l=dataLayer 73 Unrecognized feature: 'conversion-measurement'.
Jan 28,2022 11:57:48 [info]  Found error in logs for url "https://www.sc.com/sg/wealth/" and message : https://4933917.fls.doubleclick.net/activityi;dc_pre=CPn8gsLo0_UCFXqK2AUd9CwErw;src=4933917;type=remar0;cat=stanc0;ord=2310058452033;gtm=2wg1q0;auiddc=319933692.1643350487;u1=%2Fsg%2Fwealth%2F;~oref=https%3A%2F%2Fwww.sc.com%2Fsg%2Fwealth%2F? 0 Refused to execute inline script because it violates the following Content Security Policy directive: "script-src 'none'". Either the 'unsafe-inline' keyword, a hash ('sha256-AfcggJl5oiFKi9hzc/K8iFxNPkTWv7zpkRVU5Jb3Hcc='), or a nonce ('nonce-...') is required to enable inline execution.

Jan 28,2022 11:57:48 [info]  Found error in logs for url "https://www.sc.com/sg/wealth/" and message : https://4933917.fls.doubleclick.net/activityi;dc_pre=CKijhMLo0_UCFa2O2AUdV0EDsw;src=4933917;type=scbsg;cat=sglands;ord=7587870921861;gtm=2wg1q0;auiddc=319933692.1643350487;u1=%2Fsg%2Fwealth%2F;u2=wealth;u3=;u9=sg;u5=;~oref=https%3A%2F%2Fwww.sc.com%2Fsg%2Fwealth%2F? 16 Refused to execute inline script because it violates the following Content Security Policy directive: "script-src 'none'". Either the 'unsafe-inline' keyword, a hash ('sha256-fgTcfDu0mUiwuvWrTiWv/F9siqjHgbFnDgpLwq2Ocww='), or a nonce ('nonce-...') is required to enable inline execution.

Jan 28,2022 11:57:48 [info]  Found error in logs for url "https://www.sc.com/sg/wealth/" and message : https://av.sc.com/assets/global/adobe/production/5e4ae16ab23e/2be1a655bb44/launch-5d0b74b28d2b.min.js 1:27118 "AT:" "[page-init]" "Adobe Target content delivery is disabled. Ensure that you can save cookies to your current domain, there is no \"mboxDisable\" cookie and there is no \"mboxDisable\" parameter in query string."
Jan 28,2022 11:57:48 [info]  Found error in logs for url "https://www.sc.com/sg/wealth/" and message : https://av.sc.com/assets/global/js/utils.min.js?ver=e8ba9f3 0:8411 Uncaught DOMException: Blocked a frame with origin "https://www.sc.com" from accessing a cross-origin frame.
Jan 28,2022 11:57:48 [info]  Found error in logs for url "https://www.sc.com/sg/wealth/" and message : https://av.sc.com/assets/global/adobe/production/5e4ae16ab23e/2be1a655bb44/launch-5d0b74b28d2b.min.js 12:2713 "?" "container.buildInfo.environment is deprecated.Please use `container.environment.stage` instead"
Jan 28,2022 11:57:48 [info]  Found error in logs for url "https://www.sc.com/sg/wealth/" and message : https://av.sc.com/assets/global/js/iframe.js?ver=e8ba9f3 7:866 "[iFrameSizer][Host page: sc-lb-module-embedded-form-frame]" "IFrame has not responded within 5 seconds. Check iFrameResizer.contentWindow.js has been loaded in iFrame. This message can be ignored if everything is working, or you can set the warningTimeout option to a higher value or zero to suppress this warning."
Jan 28,2022 11:57:48 [info]  Found error in logs for url "https://www.sc.com/sg/wealth/" and message : https://av.sc.com/assets/global/adobe/production/5e4ae16ab23e/2be1a655bb44/launch-5d0b74b28d2b.min.js 1:27118 "AT:" "metric element not found" Object
Jan 28,2022 11:57:48 [info]  Found error in logs for url "https://www.sc.com/sg/wealth/" and message : https://av.sc.com/assets/global/adobe/production/5e4ae16ab23e/2be1a655bb44/launch-5d0b74b28d2b.min.js 1:27118 "AT:" "metric element not found" Object
Jan 28,2022 11:57:48 [info]  Found error in logs for url "https://www.sc.com/sg/wealth/" and message : https://av.sc.com/assets/global/adobe/production/5e4ae16ab23e/2be1a655bb44/launch-5d0b74b28d2b.min.js 1:27118 "AT:" "metric element not found" Object
Jan 28,2022 11:57:48 [info]  Found error in logs for url "https://www.sc.com/sg/wealth/" and message : https://av.sc.com/assets/global/adobe/production/5e4ae16ab23e/2be1a655bb44/launch-5d0b74b28d2b.min.js 1:27118 "AT:" "metric element not found" Object
Jan 28,2022 11:57:48 [info]  Found error in logs for url "https://www.sc.com/sg/wealth/" and message : https://av.sc.com/assets/global/adobe/production/5e4ae16ab23e/2be1a655bb44/launch-5d0b74b28d2b.min.js 1:27118 "AT:" "metric element not found" Object
Jan 28,2022 11:57:48 [info]  Found error in logs for url "https://www.sc.com/sg/wealth/" and message : https://av.sc.com/assets/global/adobe/production/5e4ae16ab23e/2be1a655bb44/launch-5d0b74b28d2b.min.js 1:27118 "AT:" "metric element not found" Object
Jan 28,2022 11:57:48 [info]  Found error in logs for url "https://www.sc.com/sg/wealth/" and message : https://av.sc.com/assets/global/adobe/production/5e4ae16ab23e/2be1a655bb44/launch-5d0b74b28d2b.min.js 1:27118 "AT:" "metric element not found" Object
Jan 28,2022 11:57:48 [info]  Found error in logs for url "https://www.sc.com/sg/wealth/" and message : https://av.sc.com/assets/global/adobe/production/5e4ae16ab23e/2be1a655bb44/launch-5d0b74b28d2b.min.js 1:27118 "AT:" "metric element not found" Object
Jan 28,2022 11:57:48 [info]  Found error in logs for url "https://www.sc.com/sg/wealth/" and message : https://av.sc.com/assets/global/adobe/production/5e4ae16ab23e/2be1a655bb44/launch-5d0b74b28d2b.min.js 1:27118 "AT:" "metric element not found" Object
Jan 28,2022 11:57:48 [info]  Found error in logs for url "https://www.sc.com/sg/wealth/" and message : https://av.sc.com/assets/global/adobe/production/5e4ae16ab23e/2be1a655bb44/launch-5d0b74b28d2b.min.js 1:27118 "AT:" "metric element not found" Object
Jan 28,2022 11:57:48 [info]  Found error in logs for url "https://www.sc.com/sg/wealth/" and message : https://av.sc.com/assets/global/adobe/production/5e4ae16ab23e/2be1a655bb44/launch-5d0b74b28d2b.min.js 1:27118 "AT:" "metric element not found" Object
Jan 28,2022 11:57:48 [info]  Found error in logs for url "https://www.sc.com/sg/wealth/" and message : https://av.sc.com/assets/global/adobe/production/5e4ae16ab23e/2be1a655bb44/launch-5d0b74b28d2b.min.js 1:27118 "AT:" "metric element not found" Object
Jan 28,2022 11:57:48 [info]  Found error in logs for url "https://www.sc.com/sg/wealth/" and message : https://av.sc.com/assets/global/adobe/production/5e4ae16ab23e/2be1a655bb44/launch-5d0b74b28d2b.min.js 1:27118 "AT:" "metric element not found" Object
Jan 28,2022 11:57:48 [info]  Found error in logs for url "https://www.sc.com/sg/wealth/" and message : https://av.sc.com/assets/global/adobe/production/5e4ae16ab23e/2be1a655bb44/launch-5d0b74b28d2b.min.js 1:27118 "AT:" "metric element not found" Object
Jan 28,2022 11:57:48 [info]  Found error in logs for url "https://www.sc.com/sg/wealth/" and message : https://av.sc.com/assets/global/adobe/production/5e4ae16ab23e/2be1a655bb44/launch-5d0b74b28d2b.min.js 1:27118 "AT:" "metric element not found" Object
Jan 28,2022 11:57:48 [info]  Found error in logs for url "https://www.sc.com/sg/wealth/" and message : https://av.sc.com/assets/global/adobe/production/5e4ae16ab23e/2be1a655bb44/launch-5d0b74b28d2b.min.js 1:27118 "AT:" "metric element not found" Object
Jan 28,2022 11:57:48 [info]  Found error in logs for url "https://www.sc.com/sg/wealth/" and message : https://av.sc.com/assets/global/adobe/production/5e4ae16ab23e/2be1a655bb44/launch-5d0b74b28d2b.min.js 1:27118 "AT:" "metric element not found" Object
Jan 28,2022 11:57:48 [info]  Found error in logs for url "https://www.sc.com/sg/wealth/" and message : https://av.sc.com/assets/global/adobe/production/5e4ae16ab23e/2be1a655bb44/launch-5d0b74b28d2b.min.js 1:27118 "AT:" "metric element not found" Object
Jan 28,2022 11:57:48 [info]  Found error in logs for url "https://www.sc.com/sg/wealth/" and message : https://av.sc.com/assets/global/adobe/production/5e4ae16ab23e/2be1a655bb44/launch-5d0b74b28d2b.min.js 1:27118 "AT:" "[page-init]" "Adobe Target content delivery is disabled. Ensure that you can save cookies to your current domain, there is no \"mboxDisable\" cookie and there is no \"mboxDisable\" parameter in query string."
Jan 28,2022 11:57:48 [info]  Found error in logs for url "https://www.sc.com/sg/wealth/" and message : https://av.sc.com/assets/global/js/utils.min.js?ver=e8ba9f3 0:8411 Uncaught DOMException: Blocked a frame with origin "https://www.sc.com" from accessing a cross-origin frame.
Jan 28,2022 11:57:48 [info]  Found error in logs for url "https://www.sc.com/sg/wealth/" and message : https://av.sc.com/assets/global/js/iframe.js?ver=e8ba9f3 7:866 "[iFrameSizer][Host page: sc-lb-module-embedded-form-frame]" "IFrame has not responded within 5 seconds. Check iFrameResizer.contentWindow.js has been loaded in iFrame. This message can be ignored if everything is working, or you can set the warningTimeout option to a higher value or zero to suppress this warning."
Jan 28,2022 11:57:48 [info]  6 Console error found
Jan 28,2022 11:57:51 [info]  Navigated to the new URL: https://www.sc.com/sg/international-banking/
Jan 28,2022 11:57:56 [info]  Found error in logs for url "https://www.sc.com/sg/international-banking/" and message : https://www.googletagmanager.com/gtm.js?id=GTM-P3BPFN7&l=dataLayer 73 Unrecognized feature: 'attribution-reporting'.
Jan 28,2022 11:57:56 [info]  Found error in logs for url "https://www.sc.com/sg/international-banking/" and message : https://www.googletagmanager.com/gtm.js?id=GTM-P3BPFN7&l=dataLayer 73 Unrecognized feature: 'conversion-measurement'.
Jan 28,2022 11:57:56 [info]  Found error in logs for url "https://www.sc.com/sg/international-banking/" and message : https://www.googletagmanager.com/gtm.js?id=GTM-P3BPFN7&l=dataLayer 73 Unrecognized feature: 'attribution-reporting'.
Jan 28,2022 11:57:56 [info]  Found error in logs for url "https://www.sc.com/sg/international-banking/" and message : https://www.googletagmanager.com/gtm.js?id=GTM-P3BPFN7&l=dataLayer 73 Unrecognized feature: 'conversion-measurement'.
Jan 28,2022 11:57:56 [info]  Found error in logs for url "https://www.sc.com/sg/international-banking/" and message : https://www.googletagmanager.com/gtm.js?id=GTM-P3BPFN7&l=dataLayer 73 Unrecognized feature: 'attribution-reporting'.
Jan 28,2022 11:57:56 [info]  Found error in logs for url "https://www.sc.com/sg/international-banking/" and message : https://www.googletagmanager.com/gtm.js?id=GTM-P3BPFN7&l=dataLayer 73 Unrecognized feature: 'conversion-measurement'.
Jan 28,2022 11:57:56 [info]  Found error in logs for url "https://www.sc.com/sg/international-banking/" and message : https://www.googletagmanager.com/gtm.js?id=GTM-P3BPFN7&l=dataLayer 73 Unrecognized feature: 'attribution-reporting'.
Jan 28,2022 11:57:56 [info]  Found error in logs for url "https://www.sc.com/sg/international-banking/" and message : https://www.googletagmanager.com/gtm.js?id=GTM-P3BPFN7&l=dataLayer 73 Unrecognized feature: 'conversion-measurement'.
Jan 28,2022 11:57:56 [info]  Found error in logs for url "https://www.sc.com/sg/international-banking/" and message : https://av.sc.com/assets/global/js/vendor/flickity_v2.js?_=1643351269224 10:6413 "Error parsing data-flickity on m-banner carousel-full has-hero-slides flickity-enabled is-draggable: SyntaxError: Unexpected token ' in JSON at position 3"
Jan 28,2022 11:57:56 [info]  Found error in logs for url "https://www.sc.com/sg/international-banking/" and message : https://4933917.fls.doubleclick.net/activityi;dc_pre=CIfn4sXo0_UCFVwKtwAdYsEKcQ;src=4933917;type=remar0;cat=stanc0;ord=5205861704287;gtm=2wg1q0;auiddc=319933692.1643350487;u1=%2Fsg%2Finternational-banking%2F;~oref=https%3A%2F%2Fwww.sc.com%2Fsg%2Finternational-banking%2F? 0 Refused to execute inline script because it violates the following Content Security Policy directive: "script-src 'none'". Either the 'unsafe-inline' keyword, a hash ('sha256-AfcggJl5oiFKi9hzc/K8iFxNPkTWv7zpkRVU5Jb3Hcc='), or a nonce ('nonce-...') is required to enable inline execution.

Jan 28,2022 11:57:56 [info]  Found error in logs for url "https://www.sc.com/sg/international-banking/" and message : https://4933917.fls.doubleclick.net/activityi;dc_pre=CP3748Xo0_UCFeCT2AUdARkKcQ;src=4933917;type=scbsg;cat=sglands;ord=3099255845230;gtm=2wg1q0;auiddc=319933692.1643350487;u1=%2Fsg%2Finternational-banking%2F;u2=international-banking;u3=;u9=sg;u5=;~oref=https%3A%2F%2Fwww.sc.com%2Fsg%2Finternational-banking%2F? 16 Refused to execute inline script because it violates the following Content Security Policy directive: "script-src 'none'". Either the 'unsafe-inline' keyword, a hash ('sha256-IvcEwgGnT26HYfR1WIkhtcKfPkiH2u/EDdhBDitdGCs='), or a nonce ('nonce-...') is required to enable inline execution.

Jan 28,2022 11:57:56 [info]  Found error in logs for url "https://www.sc.com/sg/international-banking/" and message : https://av.sc.com/assets/global/adobe/production/5e4ae16ab23e/2be1a655bb44/launch-5d0b74b28d2b.min.js 1:27118 "AT:" "[page-init]" "Adobe Target content delivery is disabled. Ensure that you can save cookies to your current domain, there is no \"mboxDisable\" cookie and there is no \"mboxDisable\" parameter in query string."
Jan 28,2022 11:57:56 [info]  Found error in logs for url "https://www.sc.com/sg/international-banking/" and message : https://av.sc.com/assets/global/js/utils.min.js?ver=4a944f7 0:8411 Uncaught DOMException: Blocked a frame with origin "https://www.sc.com" from accessing a cross-origin frame.
Jan 28,2022 11:57:56 [info]  Found error in logs for url "https://www.sc.com/sg/international-banking/" and message : https://av.sc.com/assets/global/adobe/production/5e4ae16ab23e/2be1a655bb44/launch-5d0b74b28d2b.min.js 12:2713 "?" "container.buildInfo.environment is deprecated.Please use `container.environment.stage` instead"
Jan 28,2022 11:57:56 [info]  Found error in logs for url "https://www.sc.com/sg/international-banking/" and message : https://av.sc.com/assets/global/adobe/production/5e4ae16ab23e/2be1a655bb44/launch-5d0b74b28d2b.min.js 1:27118 "AT:" "[page-init]" "Adobe Target content delivery is disabled. Ensure that you can save cookies to your current domain, there is no \"mboxDisable\" cookie and there is no \"mboxDisable\" parameter in query string."
Jan 28,2022 11:57:56 [info]  Found error in logs for url "https://www.sc.com/sg/international-banking/" and message : https://av.sc.com/assets/global/js/utils.min.js?ver=4a944f7 0:8411 Uncaught DOMException: Blocked a frame with origin "https://www.sc.com" from accessing a cross-origin frame.
Jan 28,2022 11:57:56 [info]  Found error in logs for url "https://www.sc.com/sg/international-banking/" and message : https://av.sc.com/assets/global/adobe/production/5e4ae16ab23e/2be1a655bb44/launch-5d0b74b28d2b.min.js 1:27118 "AT:" "metric element not found" Object
Jan 28,2022 11:57:56 [info]  Found error in logs for url "https://www.sc.com/sg/international-banking/" and message : https://av.sc.com/assets/global/adobe/production/5e4ae16ab23e/2be1a655bb44/launch-5d0b74b28d2b.min.js 1:27118 "AT:" "metric element not found" Object
Jan 28,2022 11:57:56 [info]  Found error in logs for url "https://www.sc.com/sg/international-banking/" and message : https://av.sc.com/assets/global/adobe/production/5e4ae16ab23e/2be1a655bb44/launch-5d0b74b28d2b.min.js 1:27118 "AT:" "metric element not found" Object
Jan 28,2022 11:57:56 [info]  Found error in logs for url "https://www.sc.com/sg/international-banking/" and message : https://av.sc.com/assets/global/adobe/production/5e4ae16ab23e/2be1a655bb44/launch-5d0b74b28d2b.min.js 1:27118 "AT:" "metric element not found" Object
Jan 28,2022 11:57:56 [info]  Found error in logs for url "https://www.sc.com/sg/international-banking/" and message : https://av.sc.com/assets/global/adobe/production/5e4ae16ab23e/2be1a655bb44/launch-5d0b74b28d2b.min.js 1:27118 "AT:" "metric element not found" Object
Jan 28,2022 11:57:56 [info]  Found error in logs for url "https://www.sc.com/sg/international-banking/" and message : https://av.sc.com/assets/global/adobe/production/5e4ae16ab23e/2be1a655bb44/launch-5d0b74b28d2b.min.js 1:27118 "AT:" "metric element not found" Object
Jan 28,2022 11:57:56 [info]  Found error in logs for url "https://www.sc.com/sg/international-banking/" and message : https://av.sc.com/assets/global/adobe/production/5e4ae16ab23e/2be1a655bb44/launch-5d0b74b28d2b.min.js 1:27118 "AT:" "metric element not found" Object
Jan 28,2022 11:57:56 [info]  Found error in logs for url "https://www.sc.com/sg/international-banking/" and message : https://av.sc.com/assets/global/adobe/production/5e4ae16ab23e/2be1a655bb44/launch-5d0b74b28d2b.min.js 1:27118 "AT:" "metric element not found" Object
Jan 28,2022 11:57:56 [info]  Found error in logs for url "https://www.sc.com/sg/international-banking/" and message : https://av.sc.com/assets/global/adobe/production/5e4ae16ab23e/2be1a655bb44/launch-5d0b74b28d2b.min.js 1:27118 "AT:" "metric element not found" Object
Jan 28,2022 11:57:56 [info]  Found error in logs for url "https://www.sc.com/sg/international-banking/" and message : https://av.sc.com/assets/global/adobe/production/5e4ae16ab23e/2be1a655bb44/launch-5d0b74b28d2b.min.js 1:27118 "AT:" "metric element not found" Object
Jan 28,2022 11:57:56 [info]  Found error in logs for url "https://www.sc.com/sg/international-banking/" and message : https://av.sc.com/assets/global/adobe/production/5e4ae16ab23e/2be1a655bb44/launch-5d0b74b28d2b.min.js 1:27118 "AT:" "metric element not found" Object
Jan 28,2022 11:57:56 [info]  Found error in logs for url "https://www.sc.com/sg/international-banking/" and message : https://av.sc.com/assets/global/adobe/production/5e4ae16ab23e/2be1a655bb44/launch-5d0b74b28d2b.min.js 1:27118 "AT:" "metric element not found" Object
Jan 28,2022 11:57:56 [info]  Found error in logs for url "https://www.sc.com/sg/international-banking/" and message : https://av.sc.com/assets/global/adobe/production/5e4ae16ab23e/2be1a655bb44/launch-5d0b74b28d2b.min.js 1:27118 "AT:" "metric element not found" Object
Jan 28,2022 11:57:56 [info]  Found error in logs for url "https://www.sc.com/sg/international-banking/" and message : https://av.sc.com/assets/global/adobe/production/5e4ae16ab23e/2be1a655bb44/launch-5d0b74b28d2b.min.js 1:27118 "AT:" "metric element not found" Object
Jan 28,2022 11:57:56 [info]  Found error in logs for url "https://www.sc.com/sg/international-banking/" and message : https://av.sc.com/assets/global/adobe/production/5e4ae16ab23e/2be1a655bb44/launch-5d0b74b28d2b.min.js 1:27118 "AT:" "metric element not found" Object
Jan 28,2022 11:57:56 [info]  Found error in logs for url "https://www.sc.com/sg/international-banking/" and message : https://av.sc.com/assets/global/adobe/production/5e4ae16ab23e/2be1a655bb44/launch-5d0b74b28d2b.min.js 1:27118 "AT:" "metric element not found" Object
Jan 28,2022 11:57:56 [info]  Found error in logs for url "https://www.sc.com/sg/international-banking/" and message : https://av.sc.com/assets/global/adobe/production/5e4ae16ab23e/2be1a655bb44/launch-5d0b74b28d2b.min.js 1:27118 "AT:" "metric element not found" Object
Jan 28,2022 11:57:56 [info]  Found error in logs for url "https://www.sc.com/sg/international-banking/" and message : https://av.sc.com/assets/global/adobe/production/5e4ae16ab23e/2be1a655bb44/launch-5d0b74b28d2b.min.js 1:27118 "AT:" "metric element not found" Object
Jan 28,2022 11:57:56 [info]  5 Console error found
Jan 28,2022 11:57:57 [info]  Navigated to the new URL: https://www.sc.com/privatebank/en/]]>
  </system-out>
</testsuite> <!-- ParentClass -->
